2025-03-28 12:52:06.876  INFO 13268 --- [demo1] [main] com.example.demo1.Demo1Application       : Starting Demo1Application using Java 17.0.12 with PID 13268 (C:\Users\KAREN\Desktop\Archivos\Semestre VI\Compunet II\Taller2JPA\proyecto-del-curso-samu-karen-isa\build\classes\java\main started by KAREN in C:\Users\KAREN\Desktop\Archivos\Semestre VI\Compunet II\Taller2JPA\proyecto-del-curso-samu-karen-isa)
2025-03-28 12:52:06.945 DEBUG 13268 --- [demo1] [main] com.example.demo1.Demo1Application       : Running with Spring Boot v3.4.3, Spring v6.2.3
2025-03-28 12:52:06.951  INFO 13268 --- [demo1] [main] com.example.demo1.Demo1Application       : No active profile set, falling back to 1 default profile: "default"
2025-03-28 12:52:28.978  WARN 13268 --- [demo1] [main] org.hibernate.orm.deprecation            : HHH90000025: PostgreSQLDialect does not need to be specified explicitly using 'hibernate.dialect' (remove the property setting and it will be selected by default)
2025-03-28 12:52:43.932  WARN 13268 --- [demo1] [main] JpaBaseConfiguration$JpaWebConfiguration : spring.jpa.open-in-view is enabled by default. Therefore, database queries may be performed during view rendering. Explicitly configure spring.jpa.open-in-view to disable this warning
2025-03-28 12:52:48.395  INFO 13268 --- [demo1] [main] com.example.demo1.Demo1Application       : Started Demo1Application in 46.525 seconds (process running for 50.382)
2025-03-28 12:54:27.407  INFO 5048 --- [demo1] [main] com.example.demo1.Demo1Application       : Starting Demo1Application using Java 17.0.12 with PID 5048 (C:\Users\KAREN\Desktop\Archivos\Semestre VI\Compunet II\Taller2JPA\proyecto-del-curso-samu-karen-isa\build\classes\java\main started by KAREN in C:\Users\KAREN\Desktop\Archivos\Semestre VI\Compunet II\Taller2JPA\proyecto-del-curso-samu-karen-isa)
2025-03-28 12:54:27.412 DEBUG 5048 --- [demo1] [main] com.example.demo1.Demo1Application       : Running with Spring Boot v3.4.3, Spring v6.2.3
2025-03-28 12:54:27.414  INFO 5048 --- [demo1] [main] com.example.demo1.Demo1Application       : No active profile set, falling back to 1 default profile: "default"
2025-03-28 12:54:34.590  WARN 5048 --- [demo1] [main] org.hibernate.orm.deprecation            : HHH90000025: PostgreSQLDialect does not need to be specified explicitly using 'hibernate.dialect' (remove the property setting and it will be selected by default)
2025-03-28 12:54:40.763  WARN 5048 --- [demo1] [main] JpaBaseConfiguration$JpaWebConfiguration : spring.jpa.open-in-view is enabled by default. Therefore, database queries may be performed during view rendering. Explicitly configure spring.jpa.open-in-view to disable this warning
2025-03-28 12:54:42.011  INFO 5048 --- [demo1] [main] com.example.demo1.Demo1Application       : Started Demo1Application in 15.987 seconds (process running for 16.831)
2025-03-28 13:10:14.696  INFO 5012 --- [demo1] [main] com.example.demo1.Demo1Application       : Starting Demo1Application using Java 17.0.12 with PID 5012 (C:\Users\KAREN\Desktop\Archivos\Semestre VI\Compunet II\Taller2JPA\proyecto-del-curso-samu-karen-isa\build\classes\java\main started by KAREN in C:\Users\KAREN\Desktop\Archivos\Semestre VI\Compunet II\Taller2JPA\proyecto-del-curso-samu-karen-isa)
2025-03-28 13:10:14.699 DEBUG 5012 --- [demo1] [main] com.example.demo1.Demo1Application       : Running with Spring Boot v3.4.3, Spring v6.2.3
2025-03-28 13:10:14.700  INFO 5012 --- [demo1] [main] com.example.demo1.Demo1Application       : No active profile set, falling back to 1 default profile: "default"
2025-03-28 13:10:17.343  WARN 5012 --- [demo1] [main] org.hibernate.orm.deprecation            : HHH90000025: PostgreSQLDialect does not need to be specified explicitly using 'hibernate.dialect' (remove the property setting and it will be selected by default)
2025-03-28 13:10:19.212  WARN 5012 --- [demo1] [main] JpaBaseConfiguration$JpaWebConfiguration : spring.jpa.open-in-view is enabled by default. Therefore, database queries may be performed during view rendering. Explicitly configure spring.jpa.open-in-view to disable this warning
2025-03-28 13:10:19.707  INFO 5012 --- [demo1] [main] com.example.demo1.Demo1Application       : Started Demo1Application in 5.534 seconds (process running for 5.949)
2025-03-28 14:54:14.849  INFO 27220 --- [demo1] [main] com.example.demo1.Demo1Application       : Starting Demo1Application using Java 17.0.12 with PID 27220 (C:\Users\KAREN\Desktop\Archivos\Semestre VI\Compunet II\Taller2JPA\proyecto-del-curso-samu-karen-isa\build\classes\java\main started by KAREN in C:\Users\KAREN\Desktop\Archivos\Semestre VI\Compunet II\Taller2JPA\proyecto-del-curso-samu-karen-isa)
2025-03-28 14:54:14.852 DEBUG 27220 --- [demo1] [main] com.example.demo1.Demo1Application       : Running with Spring Boot v3.4.3, Spring v6.2.3
2025-03-28 14:54:14.852  INFO 27220 --- [demo1] [main] com.example.demo1.Demo1Application       : No active profile set, falling back to 1 default profile: "default"
2025-03-28 14:54:17.082  WARN 27220 --- [demo1] [main] org.hibernate.orm.deprecation            : HHH90000025: H2Dialect does not need to be specified explicitly using 'hibernate.dialect' (remove the property setting and it will be selected by default)
2025-03-28 14:54:18.601  WARN 27220 --- [demo1] [main] JpaBaseConfiguration$JpaWebConfiguration : spring.jpa.open-in-view is enabled by default. Therefore, database queries may be performed during view rendering. Explicitly configure spring.jpa.open-in-view to disable this warning
2025-03-28 14:54:19.008  INFO 27220 --- [demo1] [main] com.example.demo1.Demo1Application       : Started Demo1Application in 4.691 seconds (process running for 5.089)
2025-03-28 15:13:07.617  INFO 28224 --- [demo1] [main] com.example.demo1.Demo1Application       : Starting Demo1Application using Java 17.0.12 with PID 28224 (C:\Users\KAREN\Desktop\Archivos\Semestre VI\Compunet II\Taller2JPA\proyecto-del-curso-samu-karen-isa\build\classes\java\main started by KAREN in C:\Users\KAREN\Desktop\Archivos\Semestre VI\Compunet II\Taller2JPA\proyecto-del-curso-samu-karen-isa)
2025-03-28 15:13:07.617 DEBUG 28224 --- [demo1] [main] com.example.demo1.Demo1Application       : Running with Spring Boot v3.4.3, Spring v6.2.3
2025-03-28 15:13:07.631  INFO 28224 --- [demo1] [main] com.example.demo1.Demo1Application       : No active profile set, falling back to 1 default profile: "default"
2025-03-28 15:13:09.894  WARN 28224 --- [demo1] [main] org.hibernate.orm.deprecation            : HHH90000025: H2Dialect does not need to be specified explicitly using 'hibernate.dialect' (remove the property setting and it will be selected by default)
2025-03-28 15:13:11.807  WARN 28224 --- [demo1] [main] JpaBaseConfiguration$JpaWebConfiguration : spring.jpa.open-in-view is enabled by default. Therefore, database queries may be performed during view rendering. Explicitly configure spring.jpa.open-in-view to disable this warning
2025-03-28 15:13:12.188  INFO 28224 --- [demo1] [main] com.example.demo1.Demo1Application       : Started Demo1Application in 5.094 seconds (process running for 5.505)
2025-04-14 15:37:36.497  INFO 30268 --- [demo1] [main] com.example.demo1.Demo1Application       : Starting Demo1Application using Java 17.0.12 with PID 30268 (C:\Users\KAREN\Desktop\Archivos\Semestre VI\Compunet II\Talleres\Taller MVC\proyecto-del-curso-samu-karen-isa\build\classes\java\main started by KAREN in C:\Users\KAREN\Desktop\Archivos\Semestre VI\Compunet II\Talleres\Taller MVC\proyecto-del-curso-samu-karen-isa)
2025-04-14 15:37:36.502 DEBUG 30268 --- [demo1] [main] com.example.demo1.Demo1Application       : Running with Spring Boot v3.4.3, Spring v6.2.3
2025-04-14 15:37:36.504  INFO 30268 --- [demo1] [main] com.example.demo1.Demo1Application       : No active profile set, falling back to 1 default profile: "default"
2025-04-14 15:37:43.001  WARN 30268 --- [demo1] [main] org.hibernate.orm.deprecation            : HHH90000025: H2Dialect does not need to be specified explicitly using 'hibernate.dialect' (remove the property setting and it will be selected by default)
2025-04-14 15:37:47.416  WARN 30268 --- [demo1] [main] JpaBaseConfiguration$JpaWebConfiguration : spring.jpa.open-in-view is enabled by default. Therefore, database queries may be performed during view rendering. Explicitly configure spring.jpa.open-in-view to disable this warning
2025-04-14 15:37:48.225  INFO 30268 --- [demo1] [main] com.example.demo1.Demo1Application       : Started Demo1Application in 13.073 seconds (process running for 14.032)
2025-04-14 15:38:04.113  INFO 30268 --- [demo1] [http-nio-8080-exec-1] o.s.web.servlet.DispatcherServlet        : Initializing Servlet 'dispatcherServlet'
2025-04-14 15:38:04.121  INFO 30268 --- [demo1] [http-nio-8080-exec-1] o.s.web.servlet.DispatcherServlet        : Completed initialization in 8 ms
2025-04-17 14:17:23.484  INFO 21808 --- [demo1] [main] com.example.demo1.Demo1Application       : Starting Demo1Application using Java 17.0.12 with PID 21808 (C:\Users\Usuario\OneDrive\Escritorio\Universidad\Compunet 2\Taller MVC2\proyecto-del-curso-samu-karen-isa\build\classes\java\main started by Isabella in C:\Users\Usuario\OneDrive\Escritorio\Universidad\Compunet 2\Taller MVC2\proyecto-del-curso-samu-karen-isa)
2025-04-17 14:17:23.492 DEBUG 21808 --- [demo1] [main] com.example.demo1.Demo1Application       : Running with Spring Boot v3.4.3, Spring v6.2.3
2025-04-17 14:17:23.494  INFO 21808 --- [demo1] [main] com.example.demo1.Demo1Application       : No active profile set, falling back to 1 default profile: "default"
2025-04-17 14:17:26.800  WARN 21808 --- [demo1] [main] org.hibernate.orm.deprecation            : HHH90000025: H2Dialect does not need to be specified explicitly using 'hibernate.dialect' (remove the property setting and it will be selected by default)
2025-04-17 14:17:28.977  WARN 21808 --- [demo1] [main] JpaBaseConfiguration$JpaWebConfiguration : spring.jpa.open-in-view is enabled by default. Therefore, database queries may be performed during view rendering. Explicitly configure spring.jpa.open-in-view to disable this warning
2025-04-17 14:17:29.459  WARN 21808 --- [demo1] [main] ConfigServletWebServerApplicationContext : Exception encountered during context initialization - cancelling refresh attempt: org.springframework.context.ApplicationContextException: Failed to start bean 'webServerStartStop'
2025-04-17 14:17:29.578 ERROR 21808 --- [demo1] [main] o.s.b.d.LoggingFailureAnalysisReporter   : 

***************************
APPLICATION FAILED TO START
***************************

Description:

Web server failed to start. Port 8080 was already in use.

Action:

Identify and stop the process that's listening on port 8080 or configure this application to listen on another port.

2025-04-17 14:19:43.257  INFO 2784 --- [demo1] [main] com.example.demo1.Demo1Application       : Starting Demo1Application using Java 17.0.12 with PID 2784 (C:\Users\Usuario\OneDrive\Escritorio\Universidad\Compunet 2\Taller MVC2\proyecto-del-curso-samu-karen-isa\build\classes\java\main started by Isabella in C:\Users\Usuario\OneDrive\Escritorio\Universidad\Compunet 2\Taller MVC2\proyecto-del-curso-samu-karen-isa)
2025-04-17 14:19:43.266 DEBUG 2784 --- [demo1] [main] com.example.demo1.Demo1Application       : Running with Spring Boot v3.4.3, Spring v6.2.3
2025-04-17 14:19:43.272  INFO 2784 --- [demo1] [main] com.example.demo1.Demo1Application       : No active profile set, falling back to 1 default profile: "default"
2025-04-17 14:19:49.902  WARN 2784 --- [demo1] [main] org.hibernate.orm.deprecation            : HHH90000025: H2Dialect does not need to be specified explicitly using 'hibernate.dialect' (remove the property setting and it will be selected by default)
2025-04-17 14:19:55.090  WARN 2784 --- [demo1] [main] JpaBaseConfiguration$JpaWebConfiguration : spring.jpa.open-in-view is enabled by default. Therefore, database queries may be performed during view rendering. Explicitly configure spring.jpa.open-in-view to disable this warning
2025-04-17 14:19:56.040  WARN 2784 --- [demo1] [main] ConfigServletWebServerApplicationContext : Exception encountered during context initialization - cancelling refresh attempt: org.springframework.context.ApplicationContextException: Failed to start bean 'webServerStartStop'
2025-04-17 14:19:56.278 ERROR 2784 --- [demo1] [main] o.s.b.d.LoggingFailureAnalysisReporter   : 

***************************
APPLICATION FAILED TO START
***************************

Description:

Web server failed to start. Port 8080 was already in use.

Action:

Identify and stop the process that's listening on port 8080 or configure this application to listen on another port.

2025-04-17 16:53:15.234  INFO 11540 --- [demo1] [main] com.example.demo1.Demo1Application       : Starting Demo1Application using Java 17.0.12 with PID 11540 (C:\Users\samu\Documents\UNI\COMPUNET2\TALLER MVC\proyecto-del-curso-samu-karen-isa\build\classes\java\main started by samu in C:\Users\samu\Documents\UNI\COMPUNET2\TALLER MVC\proyecto-del-curso-samu-karen-isa)
2025-04-17 16:53:15.236 DEBUG 11540 --- [demo1] [main] com.example.demo1.Demo1Application       : Running with Spring Boot v3.4.3, Spring v6.2.3
2025-04-17 16:53:15.237  INFO 11540 --- [demo1] [main] com.example.demo1.Demo1Application       : No active profile set, falling back to 1 default profile: "default"
2025-04-17 16:53:16.815  WARN 11540 --- [demo1] [main] org.hibernate.orm.deprecation            : HHH90000025: H2Dialect does not need to be specified explicitly using 'hibernate.dialect' (remove the property setting and it will be selected by default)
2025-04-17 16:53:17.831  WARN 11540 --- [demo1] [main] JpaBaseConfiguration$JpaWebConfiguration : spring.jpa.open-in-view is enabled by default. Therefore, database queries may be performed during view rendering. Explicitly configure spring.jpa.open-in-view to disable this warning
2025-04-17 16:53:18.083  WARN 11540 --- [demo1] [main] ConfigServletWebServerApplicationContext : Exception encountered during context initialization - cancelling refresh attempt: org.springframework.context.ApplicationContextException: Failed to start bean 'webServerStartStop'
2025-04-17 16:53:18.118 ERROR 11540 --- [demo1] [main] o.s.b.d.LoggingFailureAnalysisReporter   : 

***************************
APPLICATION FAILED TO START
***************************

Description:

Web server failed to start. Port 8080 was already in use.

Action:

Identify and stop the process that's listening on port 8080 or configure this application to listen on another port.

2025-04-17 16:53:34.784  INFO 24952 --- [demo1] [main] com.example.demo1.Demo1Application       : Starting Demo1Application using Java 17.0.12 with PID 24952 (C:\Users\samu\Documents\UNI\COMPUNET2\TALLER MVC\proyecto-del-curso-samu-karen-isa\build\classes\java\main started by samu in C:\Users\samu\Documents\UNI\COMPUNET2\TALLER MVC\proyecto-del-curso-samu-karen-isa)
2025-04-17 16:53:34.786 DEBUG 24952 --- [demo1] [main] com.example.demo1.Demo1Application       : Running with Spring Boot v3.4.3, Spring v6.2.3
2025-04-17 16:53:34.786  INFO 24952 --- [demo1] [main] com.example.demo1.Demo1Application       : No active profile set, falling back to 1 default profile: "default"
2025-04-17 16:53:36.251  WARN 24952 --- [demo1] [main] org.hibernate.orm.deprecation            : HHH90000025: H2Dialect does not need to be specified explicitly using 'hibernate.dialect' (remove the property setting and it will be selected by default)
2025-04-17 16:53:37.273  WARN 24952 --- [demo1] [main] JpaBaseConfiguration$JpaWebConfiguration : spring.jpa.open-in-view is enabled by default. Therefore, database queries may be performed during view rendering. Explicitly configure spring.jpa.open-in-view to disable this warning
2025-04-17 16:53:37.547  INFO 24952 --- [demo1] [main] com.example.demo1.Demo1Application       : Started Demo1Application in 3.102 seconds (process running for 3.346)
2025-04-17 16:54:14.643  INFO 24952 --- [demo1] [http-nio-9090-exec-1] o.s.web.servlet.DispatcherServlet        : Initializing Servlet 'dispatcherServlet'
2025-04-17 16:54:14.644  INFO 24952 --- [demo1] [http-nio-9090-exec-1] o.s.web.servlet.DispatcherServlet        : Completed initialization in 1 ms
2025-04-17 17:10:10.332  INFO 24980 --- [demo1] [main] com.example.demo1.Demo1Application       : Starting Demo1Application using Java 17.0.12 with PID 24980 (C:\Users\samu\Documents\UNI\COMPUNET2\TALLER MVC\proyecto-del-curso-samu-karen-isa\build\classes\java\main started by samu in C:\Users\samu\Documents\UNI\COMPUNET2\TALLER MVC\proyecto-del-curso-samu-karen-isa)
2025-04-17 17:10:10.333 DEBUG 24980 --- [demo1] [main] com.example.demo1.Demo1Application       : Running with Spring Boot v3.4.3, Spring v6.2.3
2025-04-17 17:10:10.334  INFO 24980 --- [demo1] [main] com.example.demo1.Demo1Application       : No active profile set, falling back to 1 default profile: "default"
2025-04-17 17:10:11.767  WARN 24980 --- [demo1] [main] org.hibernate.orm.deprecation            : HHH90000025: H2Dialect does not need to be specified explicitly using 'hibernate.dialect' (remove the property setting and it will be selected by default)
2025-04-17 17:10:12.760  WARN 24980 --- [demo1] [main] JpaBaseConfiguration$JpaWebConfiguration : spring.jpa.open-in-view is enabled by default. Therefore, database queries may be performed during view rendering. Explicitly configure spring.jpa.open-in-view to disable this warning
2025-04-17 17:10:13.016  INFO 24980 --- [demo1] [main] com.example.demo1.Demo1Application       : Started Demo1Application in 3.009 seconds (process running for 3.24)
2025-04-17 17:10:27.262  INFO 24980 --- [demo1] [http-nio-9090-exec-2] o.s.web.servlet.DispatcherServlet        : Initializing Servlet 'dispatcherServlet'
2025-04-17 17:10:27.263  INFO 24980 --- [demo1] [http-nio-9090-exec-2] o.s.web.servlet.DispatcherServlet        : Completed initialization in 1 ms
2025-04-17 17:19:20.093  INFO 15828 --- [demo1] [main] com.example.demo1.Demo1Application       : Starting Demo1Application using Java 17.0.12 with PID 15828 (C:\Users\samu\Documents\UNI\COMPUNET2\TALLER MVC\proyecto-del-curso-samu-karen-isa\build\classes\java\main started by samu in C:\Users\samu\Documents\UNI\COMPUNET2\TALLER MVC\proyecto-del-curso-samu-karen-isa)
2025-04-17 17:19:20.094 DEBUG 15828 --- [demo1] [main] com.example.demo1.Demo1Application       : Running with Spring Boot v3.4.3, Spring v6.2.3
2025-04-17 17:19:20.095  INFO 15828 --- [demo1] [main] com.example.demo1.Demo1Application       : No active profile set, falling back to 1 default profile: "default"
2025-04-17 17:19:21.605  WARN 15828 --- [demo1] [main] org.hibernate.orm.deprecation            : HHH90000025: H2Dialect does not need to be specified explicitly using 'hibernate.dialect' (remove the property setting and it will be selected by default)
2025-04-17 17:19:22.586  WARN 15828 --- [demo1] [main] JpaBaseConfiguration$JpaWebConfiguration : spring.jpa.open-in-view is enabled by default. Therefore, database queries may be performed during view rendering. Explicitly configure spring.jpa.open-in-view to disable this warning
2025-04-17 17:19:22.789  WARN 15828 --- [demo1] [main] ConfigServletWebServerApplicationContext : Exception encountered during context initialization - cancelling refresh attempt: org.springframework.beans.factory.BeanCreationException: Error creating bean with name 'dataSourceScriptDatabaseInitializer' defined in class path resource [org/springframework/boot/autoconfigure/sql/init/DataSourceInitializationConfiguration.class]: Failed to execute SQL script statement #1 of file [C:\Users\samu\Documents\UNI\COMPUNET2\TALLER MVC\proyecto-del-curso-samu-karen-isa\build\resources\main\data.sql]: DELETE FROM order_detail
2025-04-17 17:19:22.823 ERROR 15828 --- [demo1] [main] o.s.boot.SpringApplication               : Application run failed

org.springframework.beans.factory.BeanCreationException: Error creating bean with name 'dataSourceScriptDatabaseInitializer' defined in class path resource [org/springframework/boot/autoconfigure/sql/init/DataSourceInitializationConfiguration.class]: Failed to execute SQL script statement #1 of file [C:\Users\samu\Documents\UNI\COMPUNET2\TALLER MVC\proyecto-del-curso-samu-karen-isa\build\resources\main\data.sql]: DELETE FROM order_detail
	at org.springframework.beans.factory.support.AbstractAutowireCapableBeanFactory.initializeBean(AbstractAutowireCapableBeanFactory.java:1812) ~[spring-beans-6.2.3.jar:6.2.3]
	at org.springframework.beans.factory.support.AbstractAutowireCapableBeanFactory.doCreateBean(AbstractAutowireCapableBeanFactory.java:601) ~[spring-beans-6.2.3.jar:6.2.3]
	at org.springframework.beans.factory.support.AbstractAutowireCapableBeanFactory.createBean(AbstractAutowireCapableBeanFactory.java:523) ~[spring-beans-6.2.3.jar:6.2.3]
	at org.springframework.beans.factory.support.AbstractBeanFactory.lambda$doGetBean$0(AbstractBeanFactory.java:339) ~[spring-beans-6.2.3.jar:6.2.3]
	at org.springframework.beans.factory.support.DefaultSingletonBeanRegistry.getSingleton(DefaultSingletonBeanRegistry.java:346) ~[spring-beans-6.2.3.jar:6.2.3]
	at org.springframework.beans.factory.support.AbstractBeanFactory.doGetBean(AbstractBeanFactory.java:337) ~[spring-beans-6.2.3.jar:6.2.3]
	at org.springframework.beans.factory.support.AbstractBeanFactory.getBean(AbstractBeanFactory.java:202) ~[spring-beans-6.2.3.jar:6.2.3]
	at org.springframework.beans.factory.support.AbstractBeanFactory.doGetBean(AbstractBeanFactory.java:315) ~[spring-beans-6.2.3.jar:6.2.3]
	at org.springframework.beans.factory.support.AbstractBeanFactory.getBean(AbstractBeanFactory.java:202) ~[spring-beans-6.2.3.jar:6.2.3]
	at org.springframework.beans.factory.support.DefaultListableBeanFactory.instantiateSingleton(DefaultListableBeanFactory.java:1155) ~[spring-beans-6.2.3.jar:6.2.3]
	at org.springframework.beans.factory.support.DefaultListableBeanFactory.preInstantiateSingleton(DefaultListableBeanFactory.java:1121) ~[spring-beans-6.2.3.jar:6.2.3]
	at org.springframework.beans.factory.support.DefaultListableBeanFactory.preInstantiateSingletons(DefaultListableBeanFactory.java:1056) ~[spring-beans-6.2.3.jar:6.2.3]
	at org.springframework.context.support.AbstractApplicationContext.finishBeanFactoryInitialization(AbstractApplicationContext.java:987) ~[spring-context-6.2.3.jar:6.2.3]
	at org.springframework.context.support.AbstractApplicationContext.refresh(AbstractApplicationContext.java:627) ~[spring-context-6.2.3.jar:6.2.3]
	at org.springframework.boot.web.servlet.context.ServletWebServerApplicationContext.refresh(ServletWebServerApplicationContext.java:146) ~[spring-boot-3.4.3.jar:3.4.3]
	at org.springframework.boot.SpringApplication.refresh(SpringApplication.java:752) ~[spring-boot-3.4.3.jar:3.4.3]
	at org.springframework.boot.SpringApplication.refreshContext(SpringApplication.java:439) ~[spring-boot-3.4.3.jar:3.4.3]
	at org.springframework.boot.SpringApplication.run(SpringApplication.java:318) ~[spring-boot-3.4.3.jar:3.4.3]
	at org.springframework.boot.SpringApplication.run(SpringApplication.java:1361) ~[spring-boot-3.4.3.jar:3.4.3]
	at org.springframework.boot.SpringApplication.run(SpringApplication.java:1350) ~[spring-boot-3.4.3.jar:3.4.3]
	at com.example.demo1.Demo1Application.main(Demo1Application.java:22) ~[main/:na]
Caused by: org.springframework.jdbc.datasource.init.ScriptStatementFailedException: Failed to execute SQL script statement #1 of file [C:\Users\samu\Documents\UNI\COMPUNET2\TALLER MVC\proyecto-del-curso-samu-karen-isa\build\resources\main\data.sql]: DELETE FROM order_detail
	at org.springframework.jdbc.datasource.init.ScriptUtils.executeSqlScript(ScriptUtils.java:282) ~[spring-jdbc-6.2.3.jar:6.2.3]
	at org.springframework.jdbc.datasource.init.ResourceDatabasePopulator.populate(ResourceDatabasePopulator.java:254) ~[spring-jdbc-6.2.3.jar:6.2.3]
	at org.springframework.jdbc.datasource.init.DatabasePopulatorUtils.execute(DatabasePopulatorUtils.java:54) ~[spring-jdbc-6.2.3.jar:6.2.3]
	at org.springframework.boot.jdbc.init.DataSourceScriptDatabaseInitializer.runScripts(DataSourceScriptDatabaseInitializer.java:87) ~[spring-boot-3.4.3.jar:3.4.3]
	at org.springframework.boot.sql.init.AbstractScriptDatabaseInitializer.runScripts(AbstractScriptDatabaseInitializer.java:146) ~[spring-boot-3.4.3.jar:3.4.3]
	at org.springframework.boot.sql.init.AbstractScriptDatabaseInitializer.applyScripts(AbstractScriptDatabaseInitializer.java:108) ~[spring-boot-3.4.3.jar:3.4.3]
	at org.springframework.boot.sql.init.AbstractScriptDatabaseInitializer.applyDataScripts(AbstractScriptDatabaseInitializer.java:102) ~[spring-boot-3.4.3.jar:3.4.3]
	at org.springframework.boot.sql.init.AbstractScriptDatabaseInitializer.initializeDatabase(AbstractScriptDatabaseInitializer.java:77) ~[spring-boot-3.4.3.jar:3.4.3]
	at org.springframework.boot.sql.init.AbstractScriptDatabaseInitializer.afterPropertiesSet(AbstractScriptDatabaseInitializer.java:66) ~[spring-boot-3.4.3.jar:3.4.3]
	at org.springframework.beans.factory.support.AbstractAutowireCapableBeanFactory.invokeInitMethods(AbstractAutowireCapableBeanFactory.java:1859) ~[spring-beans-6.2.3.jar:6.2.3]
	at org.springframework.beans.factory.support.AbstractAutowireCapableBeanFactory.initializeBean(AbstractAutowireCapableBeanFactory.java:1808) ~[spring-beans-6.2.3.jar:6.2.3]
	... 20 common frames omitted
Caused by: org.h2.jdbc.JdbcSQLSyntaxErrorException: Table "ORDER_DETAIL" not found (this database is empty); SQL statement:
DELETE FROM order_detail [42104-232]
	at org.h2.message.DbException.getJdbcSQLException(DbException.java:514) ~[h2-2.3.232.jar:2.3.232]
	at org.h2.message.DbException.getJdbcSQLException(DbException.java:489) ~[h2-2.3.232.jar:2.3.232]
	at org.h2.message.DbException.get(DbException.java:223) ~[h2-2.3.232.jar:2.3.232]
	at org.h2.message.DbException.get(DbException.java:199) ~[h2-2.3.232.jar:2.3.232]
	at org.h2.command.Parser.getTableOrViewNotFoundDbException(Parser.java:7932) ~[h2-2.3.232.jar:2.3.232]
	at org.h2.command.Parser.getTableOrViewNotFoundDbException(Parser.java:7916) ~[h2-2.3.232.jar:2.3.232]
	at org.h2.command.Parser.readTableOrView(Parser.java:7895) ~[h2-2.3.232.jar:2.3.232]
	at org.h2.command.Parser.readTableOrView(Parser.java:7857) ~[h2-2.3.232.jar:2.3.232]
	at org.h2.command.Parser.readSimpleTableFilter(Parser.java:1073) ~[h2-2.3.232.jar:2.3.232]
	at org.h2.command.Parser.parseDelete(Parser.java:1087) ~[h2-2.3.232.jar:2.3.232]
	at org.h2.command.Parser.parsePrepared(Parser.java:656) ~[h2-2.3.232.jar:2.3.232]
	at org.h2.command.Parser.parse(Parser.java:581) ~[h2-2.3.232.jar:2.3.232]
	at org.h2.command.Parser.parse(Parser.java:556) ~[h2-2.3.232.jar:2.3.232]
	at org.h2.command.Parser.prepareCommand(Parser.java:484) ~[h2-2.3.232.jar:2.3.232]
	at org.h2.engine.SessionLocal.prepareLocal(SessionLocal.java:645) ~[h2-2.3.232.jar:2.3.232]
	at org.h2.engine.SessionLocal.prepareCommand(SessionLocal.java:561) ~[h2-2.3.232.jar:2.3.232]
	at org.h2.jdbc.JdbcConnection.prepareCommand(JdbcConnection.java:1164) ~[h2-2.3.232.jar:2.3.232]
	at org.h2.jdbc.JdbcStatement.executeInternal(JdbcStatement.java:245) ~[h2-2.3.232.jar:2.3.232]
	at org.h2.jdbc.JdbcStatement.execute(JdbcStatement.java:231) ~[h2-2.3.232.jar:2.3.232]
	at com.zaxxer.hikari.pool.ProxyStatement.execute(ProxyStatement.java:94) ~[HikariCP-5.1.0.jar:na]
	at com.zaxxer.hikari.pool.HikariProxyStatement.execute(HikariProxyStatement.java) ~[HikariCP-5.1.0.jar:na]
	at org.springframework.jdbc.datasource.init.ScriptUtils.executeSqlScript(ScriptUtils.java:261) ~[spring-jdbc-6.2.3.jar:6.2.3]
	... 30 common frames omitted

2025-04-17 17:20:04.788  INFO 1972 --- [demo1] [main] com.example.demo1.Demo1Application       : Starting Demo1Application using Java 17.0.12 with PID 1972 (C:\Users\samu\Documents\UNI\COMPUNET2\TALLER MVC\proyecto-del-curso-samu-karen-isa\build\classes\java\main started by samu in C:\Users\samu\Documents\UNI\COMPUNET2\TALLER MVC\proyecto-del-curso-samu-karen-isa)
2025-04-17 17:20:04.789 DEBUG 1972 --- [demo1] [main] com.example.demo1.Demo1Application       : Running with Spring Boot v3.4.3, Spring v6.2.3
2025-04-17 17:20:04.790  INFO 1972 --- [demo1] [main] com.example.demo1.Demo1Application       : No active profile set, falling back to 1 default profile: "default"
2025-04-17 17:20:06.310  WARN 1972 --- [demo1] [main] org.hibernate.orm.deprecation            : HHH90000025: H2Dialect does not need to be specified explicitly using 'hibernate.dialect' (remove the property setting and it will be selected by default)
2025-04-17 17:20:07.293  WARN 1972 --- [demo1] [main] JpaBaseConfiguration$JpaWebConfiguration : spring.jpa.open-in-view is enabled by default. Therefore, database queries may be performed during view rendering. Explicitly configure spring.jpa.open-in-view to disable this warning
2025-04-17 17:20:07.538  WARN 1972 --- [demo1] [main] ConfigServletWebServerApplicationContext : Exception encountered during context initialization - cancelling refresh attempt: org.springframework.beans.factory.BeanCreationException: Error creating bean with name 'dataSourceScriptDatabaseInitializer' defined in class path resource [org/springframework/boot/autoconfigure/sql/init/DataSourceInitializationConfiguration.class]: Failed to execute SQL script statement #1 of file [C:\Users\samu\Documents\UNI\COMPUNET2\TALLER MVC\proyecto-del-curso-samu-karen-isa\build\resources\main\data.sql]: DELETE FROM order_detail
2025-04-17 17:20:07.567 ERROR 1972 --- [demo1] [main] o.s.boot.SpringApplication               : Application run failed

org.springframework.beans.factory.BeanCreationException: Error creating bean with name 'dataSourceScriptDatabaseInitializer' defined in class path resource [org/springframework/boot/autoconfigure/sql/init/DataSourceInitializationConfiguration.class]: Failed to execute SQL script statement #1 of file [C:\Users\samu\Documents\UNI\COMPUNET2\TALLER MVC\proyecto-del-curso-samu-karen-isa\build\resources\main\data.sql]: DELETE FROM order_detail
	at org.springframework.beans.factory.support.AbstractAutowireCapableBeanFactory.initializeBean(AbstractAutowireCapableBeanFactory.java:1812) ~[spring-beans-6.2.3.jar:6.2.3]
	at org.springframework.beans.factory.support.AbstractAutowireCapableBeanFactory.doCreateBean(AbstractAutowireCapableBeanFactory.java:601) ~[spring-beans-6.2.3.jar:6.2.3]
	at org.springframework.beans.factory.support.AbstractAutowireCapableBeanFactory.createBean(AbstractAutowireCapableBeanFactory.java:523) ~[spring-beans-6.2.3.jar:6.2.3]
	at org.springframework.beans.factory.support.AbstractBeanFactory.lambda$doGetBean$0(AbstractBeanFactory.java:339) ~[spring-beans-6.2.3.jar:6.2.3]
	at org.springframework.beans.factory.support.DefaultSingletonBeanRegistry.getSingleton(DefaultSingletonBeanRegistry.java:346) ~[spring-beans-6.2.3.jar:6.2.3]
	at org.springframework.beans.factory.support.AbstractBeanFactory.doGetBean(AbstractBeanFactory.java:337) ~[spring-beans-6.2.3.jar:6.2.3]
	at org.springframework.beans.factory.support.AbstractBeanFactory.getBean(AbstractBeanFactory.java:202) ~[spring-beans-6.2.3.jar:6.2.3]
	at org.springframework.beans.factory.support.AbstractBeanFactory.doGetBean(AbstractBeanFactory.java:315) ~[spring-beans-6.2.3.jar:6.2.3]
	at org.springframework.beans.factory.support.AbstractBeanFactory.getBean(AbstractBeanFactory.java:202) ~[spring-beans-6.2.3.jar:6.2.3]
	at org.springframework.beans.factory.support.DefaultListableBeanFactory.instantiateSingleton(DefaultListableBeanFactory.java:1155) ~[spring-beans-6.2.3.jar:6.2.3]
	at org.springframework.beans.factory.support.DefaultListableBeanFactory.preInstantiateSingleton(DefaultListableBeanFactory.java:1121) ~[spring-beans-6.2.3.jar:6.2.3]
	at org.springframework.beans.factory.support.DefaultListableBeanFactory.preInstantiateSingletons(DefaultListableBeanFactory.java:1056) ~[spring-beans-6.2.3.jar:6.2.3]
	at org.springframework.context.support.AbstractApplicationContext.finishBeanFactoryInitialization(AbstractApplicationContext.java:987) ~[spring-context-6.2.3.jar:6.2.3]
	at org.springframework.context.support.AbstractApplicationContext.refresh(AbstractApplicationContext.java:627) ~[spring-context-6.2.3.jar:6.2.3]
	at org.springframework.boot.web.servlet.context.ServletWebServerApplicationContext.refresh(ServletWebServerApplicationContext.java:146) ~[spring-boot-3.4.3.jar:3.4.3]
	at org.springframework.boot.SpringApplication.refresh(SpringApplication.java:752) ~[spring-boot-3.4.3.jar:3.4.3]
	at org.springframework.boot.SpringApplication.refreshContext(SpringApplication.java:439) ~[spring-boot-3.4.3.jar:3.4.3]
	at org.springframework.boot.SpringApplication.run(SpringApplication.java:318) ~[spring-boot-3.4.3.jar:3.4.3]
	at org.springframework.boot.SpringApplication.run(SpringApplication.java:1361) ~[spring-boot-3.4.3.jar:3.4.3]
	at org.springframework.boot.SpringApplication.run(SpringApplication.java:1350) ~[spring-boot-3.4.3.jar:3.4.3]
	at com.example.demo1.Demo1Application.main(Demo1Application.java:22) ~[main/:na]
Caused by: org.springframework.jdbc.datasource.init.ScriptStatementFailedException: Failed to execute SQL script statement #1 of file [C:\Users\samu\Documents\UNI\COMPUNET2\TALLER MVC\proyecto-del-curso-samu-karen-isa\build\resources\main\data.sql]: DELETE FROM order_detail
	at org.springframework.jdbc.datasource.init.ScriptUtils.executeSqlScript(ScriptUtils.java:282) ~[spring-jdbc-6.2.3.jar:6.2.3]
	at org.springframework.jdbc.datasource.init.ResourceDatabasePopulator.populate(ResourceDatabasePopulator.java:254) ~[spring-jdbc-6.2.3.jar:6.2.3]
	at org.springframework.jdbc.datasource.init.DatabasePopulatorUtils.execute(DatabasePopulatorUtils.java:54) ~[spring-jdbc-6.2.3.jar:6.2.3]
	at org.springframework.boot.jdbc.init.DataSourceScriptDatabaseInitializer.runScripts(DataSourceScriptDatabaseInitializer.java:87) ~[spring-boot-3.4.3.jar:3.4.3]
	at org.springframework.boot.sql.init.AbstractScriptDatabaseInitializer.runScripts(AbstractScriptDatabaseInitializer.java:146) ~[spring-boot-3.4.3.jar:3.4.3]
	at org.springframework.boot.sql.init.AbstractScriptDatabaseInitializer.applyScripts(AbstractScriptDatabaseInitializer.java:108) ~[spring-boot-3.4.3.jar:3.4.3]
	at org.springframework.boot.sql.init.AbstractScriptDatabaseInitializer.applyDataScripts(AbstractScriptDatabaseInitializer.java:102) ~[spring-boot-3.4.3.jar:3.4.3]
	at org.springframework.boot.sql.init.AbstractScriptDatabaseInitializer.initializeDatabase(AbstractScriptDatabaseInitializer.java:77) ~[spring-boot-3.4.3.jar:3.4.3]
	at org.springframework.boot.sql.init.AbstractScriptDatabaseInitializer.afterPropertiesSet(AbstractScriptDatabaseInitializer.java:66) ~[spring-boot-3.4.3.jar:3.4.3]
	at org.springframework.beans.factory.support.AbstractAutowireCapableBeanFactory.invokeInitMethods(AbstractAutowireCapableBeanFactory.java:1859) ~[spring-beans-6.2.3.jar:6.2.3]
	at org.springframework.beans.factory.support.AbstractAutowireCapableBeanFactory.initializeBean(AbstractAutowireCapableBeanFactory.java:1808) ~[spring-beans-6.2.3.jar:6.2.3]
	... 20 common frames omitted
Caused by: org.h2.jdbc.JdbcSQLSyntaxErrorException: Table "ORDER_DETAIL" not found (this database is empty); SQL statement:
DELETE FROM order_detail [42104-232]
	at org.h2.message.DbException.getJdbcSQLException(DbException.java:514) ~[h2-2.3.232.jar:2.3.232]
	at org.h2.message.DbException.getJdbcSQLException(DbException.java:489) ~[h2-2.3.232.jar:2.3.232]
	at org.h2.message.DbException.get(DbException.java:223) ~[h2-2.3.232.jar:2.3.232]
	at org.h2.message.DbException.get(DbException.java:199) ~[h2-2.3.232.jar:2.3.232]
	at org.h2.command.Parser.getTableOrViewNotFoundDbException(Parser.java:7932) ~[h2-2.3.232.jar:2.3.232]
	at org.h2.command.Parser.getTableOrViewNotFoundDbException(Parser.java:7916) ~[h2-2.3.232.jar:2.3.232]
	at org.h2.command.Parser.readTableOrView(Parser.java:7895) ~[h2-2.3.232.jar:2.3.232]
	at org.h2.command.Parser.readTableOrView(Parser.java:7857) ~[h2-2.3.232.jar:2.3.232]
	at org.h2.command.Parser.readSimpleTableFilter(Parser.java:1073) ~[h2-2.3.232.jar:2.3.232]
	at org.h2.command.Parser.parseDelete(Parser.java:1087) ~[h2-2.3.232.jar:2.3.232]
	at org.h2.command.Parser.parsePrepared(Parser.java:656) ~[h2-2.3.232.jar:2.3.232]
	at org.h2.command.Parser.parse(Parser.java:581) ~[h2-2.3.232.jar:2.3.232]
	at org.h2.command.Parser.parse(Parser.java:556) ~[h2-2.3.232.jar:2.3.232]
	at org.h2.command.Parser.prepareCommand(Parser.java:484) ~[h2-2.3.232.jar:2.3.232]
	at org.h2.engine.SessionLocal.prepareLocal(SessionLocal.java:645) ~[h2-2.3.232.jar:2.3.232]
	at org.h2.engine.SessionLocal.prepareCommand(SessionLocal.java:561) ~[h2-2.3.232.jar:2.3.232]
	at org.h2.jdbc.JdbcConnection.prepareCommand(JdbcConnection.java:1164) ~[h2-2.3.232.jar:2.3.232]
	at org.h2.jdbc.JdbcStatement.executeInternal(JdbcStatement.java:245) ~[h2-2.3.232.jar:2.3.232]
	at org.h2.jdbc.JdbcStatement.execute(JdbcStatement.java:231) ~[h2-2.3.232.jar:2.3.232]
	at com.zaxxer.hikari.pool.ProxyStatement.execute(ProxyStatement.java:94) ~[HikariCP-5.1.0.jar:na]
	at com.zaxxer.hikari.pool.HikariProxyStatement.execute(HikariProxyStatement.java) ~[HikariCP-5.1.0.jar:na]
	at org.springframework.jdbc.datasource.init.ScriptUtils.executeSqlScript(ScriptUtils.java:261) ~[spring-jdbc-6.2.3.jar:6.2.3]
	... 30 common frames omitted

2025-04-17 17:23:22.332  INFO 25096 --- [demo1] [main] com.example.demo1.Demo1Application       : Starting Demo1Application using Java 17.0.12 with PID 25096 (C:\Users\samu\Documents\UNI\COMPUNET2\TALLER MVC\proyecto-del-curso-samu-karen-isa\build\classes\java\main started by samu in C:\Users\samu\Documents\UNI\COMPUNET2\TALLER MVC\proyecto-del-curso-samu-karen-isa)
2025-04-17 17:23:22.334 DEBUG 25096 --- [demo1] [main] com.example.demo1.Demo1Application       : Running with Spring Boot v3.4.3, Spring v6.2.3
2025-04-17 17:23:22.334  INFO 25096 --- [demo1] [main] com.example.demo1.Demo1Application       : No active profile set, falling back to 1 default profile: "default"
2025-04-17 17:23:23.962  WARN 25096 --- [demo1] [main] org.hibernate.orm.deprecation            : HHH90000025: H2Dialect does not need to be specified explicitly using 'hibernate.dialect' (remove the property setting and it will be selected by default)
2025-04-17 17:23:24.953  WARN 25096 --- [demo1] [main] JpaBaseConfiguration$JpaWebConfiguration : spring.jpa.open-in-view is enabled by default. Therefore, database queries may be performed during view rendering. Explicitly configure spring.jpa.open-in-view to disable this warning
2025-04-17 17:23:25.169  WARN 25096 --- [demo1] [main] ConfigServletWebServerApplicationContext : Exception encountered during context initialization - cancelling refresh attempt: org.springframework.beans.factory.BeanCreationException: Error creating bean with name 'dataSourceScriptDatabaseInitializer' defined in class path resource [org/springframework/boot/autoconfigure/sql/init/DataSourceInitializationConfiguration.class]: Failed to execute SQL script statement #1 of file [C:\Users\samu\Documents\UNI\COMPUNET2\TALLER MVC\proyecto-del-curso-samu-karen-isa\build\resources\main\data.sql]: DELETE FROM order_detail
2025-04-17 17:23:25.197 ERROR 25096 --- [demo1] [main] o.s.boot.SpringApplication               : Application run failed

org.springframework.beans.factory.BeanCreationException: Error creating bean with name 'dataSourceScriptDatabaseInitializer' defined in class path resource [org/springframework/boot/autoconfigure/sql/init/DataSourceInitializationConfiguration.class]: Failed to execute SQL script statement #1 of file [C:\Users\samu\Documents\UNI\COMPUNET2\TALLER MVC\proyecto-del-curso-samu-karen-isa\build\resources\main\data.sql]: DELETE FROM order_detail
	at org.springframework.beans.factory.support.AbstractAutowireCapableBeanFactory.initializeBean(AbstractAutowireCapableBeanFactory.java:1812) ~[spring-beans-6.2.3.jar:6.2.3]
	at org.springframework.beans.factory.support.AbstractAutowireCapableBeanFactory.doCreateBean(AbstractAutowireCapableBeanFactory.java:601) ~[spring-beans-6.2.3.jar:6.2.3]
	at org.springframework.beans.factory.support.AbstractAutowireCapableBeanFactory.createBean(AbstractAutowireCapableBeanFactory.java:523) ~[spring-beans-6.2.3.jar:6.2.3]
	at org.springframework.beans.factory.support.AbstractBeanFactory.lambda$doGetBean$0(AbstractBeanFactory.java:339) ~[spring-beans-6.2.3.jar:6.2.3]
	at org.springframework.beans.factory.support.DefaultSingletonBeanRegistry.getSingleton(DefaultSingletonBeanRegistry.java:346) ~[spring-beans-6.2.3.jar:6.2.3]
	at org.springframework.beans.factory.support.AbstractBeanFactory.doGetBean(AbstractBeanFactory.java:337) ~[spring-beans-6.2.3.jar:6.2.3]
	at org.springframework.beans.factory.support.AbstractBeanFactory.getBean(AbstractBeanFactory.java:202) ~[spring-beans-6.2.3.jar:6.2.3]
	at org.springframework.beans.factory.support.AbstractBeanFactory.doGetBean(AbstractBeanFactory.java:315) ~[spring-beans-6.2.3.jar:6.2.3]
	at org.springframework.beans.factory.support.AbstractBeanFactory.getBean(AbstractBeanFactory.java:202) ~[spring-beans-6.2.3.jar:6.2.3]
	at org.springframework.beans.factory.support.DefaultListableBeanFactory.instantiateSingleton(DefaultListableBeanFactory.java:1155) ~[spring-beans-6.2.3.jar:6.2.3]
	at org.springframework.beans.factory.support.DefaultListableBeanFactory.preInstantiateSingleton(DefaultListableBeanFactory.java:1121) ~[spring-beans-6.2.3.jar:6.2.3]
	at org.springframework.beans.factory.support.DefaultListableBeanFactory.preInstantiateSingletons(DefaultListableBeanFactory.java:1056) ~[spring-beans-6.2.3.jar:6.2.3]
	at org.springframework.context.support.AbstractApplicationContext.finishBeanFactoryInitialization(AbstractApplicationContext.java:987) ~[spring-context-6.2.3.jar:6.2.3]
	at org.springframework.context.support.AbstractApplicationContext.refresh(AbstractApplicationContext.java:627) ~[spring-context-6.2.3.jar:6.2.3]
	at org.springframework.boot.web.servlet.context.ServletWebServerApplicationContext.refresh(ServletWebServerApplicationContext.java:146) ~[spring-boot-3.4.3.jar:3.4.3]
	at org.springframework.boot.SpringApplication.refresh(SpringApplication.java:752) ~[spring-boot-3.4.3.jar:3.4.3]
	at org.springframework.boot.SpringApplication.refreshContext(SpringApplication.java:439) ~[spring-boot-3.4.3.jar:3.4.3]
	at org.springframework.boot.SpringApplication.run(SpringApplication.java:318) ~[spring-boot-3.4.3.jar:3.4.3]
	at org.springframework.boot.SpringApplication.run(SpringApplication.java:1361) ~[spring-boot-3.4.3.jar:3.4.3]
	at org.springframework.boot.SpringApplication.run(SpringApplication.java:1350) ~[spring-boot-3.4.3.jar:3.4.3]
	at com.example.demo1.Demo1Application.main(Demo1Application.java:22) ~[main/:na]
Caused by: org.springframework.jdbc.datasource.init.ScriptStatementFailedException: Failed to execute SQL script statement #1 of file [C:\Users\samu\Documents\UNI\COMPUNET2\TALLER MVC\proyecto-del-curso-samu-karen-isa\build\resources\main\data.sql]: DELETE FROM order_detail
	at org.springframework.jdbc.datasource.init.ScriptUtils.executeSqlScript(ScriptUtils.java:282) ~[spring-jdbc-6.2.3.jar:6.2.3]
	at org.springframework.jdbc.datasource.init.ResourceDatabasePopulator.populate(ResourceDatabasePopulator.java:254) ~[spring-jdbc-6.2.3.jar:6.2.3]
	at org.springframework.jdbc.datasource.init.DatabasePopulatorUtils.execute(DatabasePopulatorUtils.java:54) ~[spring-jdbc-6.2.3.jar:6.2.3]
	at org.springframework.boot.jdbc.init.DataSourceScriptDatabaseInitializer.runScripts(DataSourceScriptDatabaseInitializer.java:87) ~[spring-boot-3.4.3.jar:3.4.3]
	at org.springframework.boot.sql.init.AbstractScriptDatabaseInitializer.runScripts(AbstractScriptDatabaseInitializer.java:146) ~[spring-boot-3.4.3.jar:3.4.3]
	at org.springframework.boot.sql.init.AbstractScriptDatabaseInitializer.applyScripts(AbstractScriptDatabaseInitializer.java:108) ~[spring-boot-3.4.3.jar:3.4.3]
	at org.springframework.boot.sql.init.AbstractScriptDatabaseInitializer.applyDataScripts(AbstractScriptDatabaseInitializer.java:102) ~[spring-boot-3.4.3.jar:3.4.3]
	at org.springframework.boot.sql.init.AbstractScriptDatabaseInitializer.initializeDatabase(AbstractScriptDatabaseInitializer.java:77) ~[spring-boot-3.4.3.jar:3.4.3]
	at org.springframework.boot.sql.init.AbstractScriptDatabaseInitializer.afterPropertiesSet(AbstractScriptDatabaseInitializer.java:66) ~[spring-boot-3.4.3.jar:3.4.3]
	at org.springframework.beans.factory.support.AbstractAutowireCapableBeanFactory.invokeInitMethods(AbstractAutowireCapableBeanFactory.java:1859) ~[spring-beans-6.2.3.jar:6.2.3]
	at org.springframework.beans.factory.support.AbstractAutowireCapableBeanFactory.initializeBean(AbstractAutowireCapableBeanFactory.java:1808) ~[spring-beans-6.2.3.jar:6.2.3]
	... 20 common frames omitted
Caused by: org.h2.jdbc.JdbcSQLSyntaxErrorException: Table "ORDER_DETAIL" not found (this database is empty); SQL statement:
DELETE FROM order_detail [42104-232]
	at org.h2.message.DbException.getJdbcSQLException(DbException.java:514) ~[h2-2.3.232.jar:2.3.232]
	at org.h2.message.DbException.getJdbcSQLException(DbException.java:489) ~[h2-2.3.232.jar:2.3.232]
	at org.h2.message.DbException.get(DbException.java:223) ~[h2-2.3.232.jar:2.3.232]
	at org.h2.message.DbException.get(DbException.java:199) ~[h2-2.3.232.jar:2.3.232]
	at org.h2.command.Parser.getTableOrViewNotFoundDbException(Parser.java:7932) ~[h2-2.3.232.jar:2.3.232]
	at org.h2.command.Parser.getTableOrViewNotFoundDbException(Parser.java:7916) ~[h2-2.3.232.jar:2.3.232]
	at org.h2.command.Parser.readTableOrView(Parser.java:7895) ~[h2-2.3.232.jar:2.3.232]
	at org.h2.command.Parser.readTableOrView(Parser.java:7857) ~[h2-2.3.232.jar:2.3.232]
	at org.h2.command.Parser.readSimpleTableFilter(Parser.java:1073) ~[h2-2.3.232.jar:2.3.232]
	at org.h2.command.Parser.parseDelete(Parser.java:1087) ~[h2-2.3.232.jar:2.3.232]
	at org.h2.command.Parser.parsePrepared(Parser.java:656) ~[h2-2.3.232.jar:2.3.232]
	at org.h2.command.Parser.parse(Parser.java:581) ~[h2-2.3.232.jar:2.3.232]
	at org.h2.command.Parser.parse(Parser.java:556) ~[h2-2.3.232.jar:2.3.232]
	at org.h2.command.Parser.prepareCommand(Parser.java:484) ~[h2-2.3.232.jar:2.3.232]
	at org.h2.engine.SessionLocal.prepareLocal(SessionLocal.java:645) ~[h2-2.3.232.jar:2.3.232]
	at org.h2.engine.SessionLocal.prepareCommand(SessionLocal.java:561) ~[h2-2.3.232.jar:2.3.232]
	at org.h2.jdbc.JdbcConnection.prepareCommand(JdbcConnection.java:1164) ~[h2-2.3.232.jar:2.3.232]
	at org.h2.jdbc.JdbcStatement.executeInternal(JdbcStatement.java:245) ~[h2-2.3.232.jar:2.3.232]
	at org.h2.jdbc.JdbcStatement.execute(JdbcStatement.java:231) ~[h2-2.3.232.jar:2.3.232]
	at com.zaxxer.hikari.pool.ProxyStatement.execute(ProxyStatement.java:94) ~[HikariCP-5.1.0.jar:na]
	at com.zaxxer.hikari.pool.HikariProxyStatement.execute(HikariProxyStatement.java) ~[HikariCP-5.1.0.jar:na]
	at org.springframework.jdbc.datasource.init.ScriptUtils.executeSqlScript(ScriptUtils.java:261) ~[spring-jdbc-6.2.3.jar:6.2.3]
	... 30 common frames omitted

2025-04-17 17:24:06.259  INFO 24432 --- [demo1] [main] com.example.demo1.Demo1Application       : Starting Demo1Application using Java 17.0.12 with PID 24432 (C:\Users\samu\Documents\UNI\COMPUNET2\TALLER MVC\proyecto-del-curso-samu-karen-isa\build\classes\java\main started by samu in C:\Users\samu\Documents\UNI\COMPUNET2\TALLER MVC\proyecto-del-curso-samu-karen-isa)
2025-04-17 17:24:06.260 DEBUG 24432 --- [demo1] [main] com.example.demo1.Demo1Application       : Running with Spring Boot v3.4.3, Spring v6.2.3
2025-04-17 17:24:06.260  INFO 24432 --- [demo1] [main] com.example.demo1.Demo1Application       : No active profile set, falling back to 1 default profile: "default"
2025-04-17 17:24:07.771  WARN 24432 --- [demo1] [main] org.hibernate.orm.deprecation            : HHH90000025: H2Dialect does not need to be specified explicitly using 'hibernate.dialect' (remove the property setting and it will be selected by default)
2025-04-17 17:24:08.812  WARN 24432 --- [demo1] [main] JpaBaseConfiguration$JpaWebConfiguration : spring.jpa.open-in-view is enabled by default. Therefore, database queries may be performed during view rendering. Explicitly configure spring.jpa.open-in-view to disable this warning
2025-04-17 17:24:09.019  WARN 24432 --- [demo1] [main] ConfigServletWebServerApplicationContext : Exception encountered during context initialization - cancelling refresh attempt: org.springframework.beans.factory.BeanCreationException: Error creating bean with name 'dataSourceScriptDatabaseInitializer' defined in class path resource [org/springframework/boot/autoconfigure/sql/init/DataSourceInitializationConfiguration.class]: Failed to execute database script from resource [file [C:\Users\samu\Documents\UNI\COMPUNET2\TALLER MVC\proyecto-del-curso-samu-karen-isa\build\resources\main\data.sql]]
2025-04-17 17:24:09.052 ERROR 24432 --- [demo1] [main] o.s.boot.SpringApplication               : Application run failed

org.springframework.beans.factory.BeanCreationException: Error creating bean with name 'dataSourceScriptDatabaseInitializer' defined in class path resource [org/springframework/boot/autoconfigure/sql/init/DataSourceInitializationConfiguration.class]: Failed to execute database script from resource [file [C:\Users\samu\Documents\UNI\COMPUNET2\TALLER MVC\proyecto-del-curso-samu-karen-isa\build\resources\main\data.sql]]
	at org.springframework.beans.factory.support.AbstractAutowireCapableBeanFactory.initializeBean(AbstractAutowireCapableBeanFactory.java:1812) ~[spring-beans-6.2.3.jar:6.2.3]
	at org.springframework.beans.factory.support.AbstractAutowireCapableBeanFactory.doCreateBean(AbstractAutowireCapableBeanFactory.java:601) ~[spring-beans-6.2.3.jar:6.2.3]
	at org.springframework.beans.factory.support.AbstractAutowireCapableBeanFactory.createBean(AbstractAutowireCapableBeanFactory.java:523) ~[spring-beans-6.2.3.jar:6.2.3]
	at org.springframework.beans.factory.support.AbstractBeanFactory.lambda$doGetBean$0(AbstractBeanFactory.java:339) ~[spring-beans-6.2.3.jar:6.2.3]
	at org.springframework.beans.factory.support.DefaultSingletonBeanRegistry.getSingleton(DefaultSingletonBeanRegistry.java:346) ~[spring-beans-6.2.3.jar:6.2.3]
	at org.springframework.beans.factory.support.AbstractBeanFactory.doGetBean(AbstractBeanFactory.java:337) ~[spring-beans-6.2.3.jar:6.2.3]
	at org.springframework.beans.factory.support.AbstractBeanFactory.getBean(AbstractBeanFactory.java:202) ~[spring-beans-6.2.3.jar:6.2.3]
	at org.springframework.beans.factory.support.AbstractBeanFactory.doGetBean(AbstractBeanFactory.java:315) ~[spring-beans-6.2.3.jar:6.2.3]
	at org.springframework.beans.factory.support.AbstractBeanFactory.getBean(AbstractBeanFactory.java:202) ~[spring-beans-6.2.3.jar:6.2.3]
	at org.springframework.beans.factory.support.DefaultListableBeanFactory.instantiateSingleton(DefaultListableBeanFactory.java:1155) ~[spring-beans-6.2.3.jar:6.2.3]
	at org.springframework.beans.factory.support.DefaultListableBeanFactory.preInstantiateSingleton(DefaultListableBeanFactory.java:1121) ~[spring-beans-6.2.3.jar:6.2.3]
	at org.springframework.beans.factory.support.DefaultListableBeanFactory.preInstantiateSingletons(DefaultListableBeanFactory.java:1056) ~[spring-beans-6.2.3.jar:6.2.3]
	at org.springframework.context.support.AbstractApplicationContext.finishBeanFactoryInitialization(AbstractApplicationContext.java:987) ~[spring-context-6.2.3.jar:6.2.3]
	at org.springframework.context.support.AbstractApplicationContext.refresh(AbstractApplicationContext.java:627) ~[spring-context-6.2.3.jar:6.2.3]
	at org.springframework.boot.web.servlet.context.ServletWebServerApplicationContext.refresh(ServletWebServerApplicationContext.java:146) ~[spring-boot-3.4.3.jar:3.4.3]
	at org.springframework.boot.SpringApplication.refresh(SpringApplication.java:752) ~[spring-boot-3.4.3.jar:3.4.3]
	at org.springframework.boot.SpringApplication.refreshContext(SpringApplication.java:439) ~[spring-boot-3.4.3.jar:3.4.3]
	at org.springframework.boot.SpringApplication.run(SpringApplication.java:318) ~[spring-boot-3.4.3.jar:3.4.3]
	at org.springframework.boot.SpringApplication.run(SpringApplication.java:1361) ~[spring-boot-3.4.3.jar:3.4.3]
	at org.springframework.boot.SpringApplication.run(SpringApplication.java:1350) ~[spring-boot-3.4.3.jar:3.4.3]
	at com.example.demo1.Demo1Application.main(Demo1Application.java:22) ~[main/:na]
Caused by: org.springframework.jdbc.datasource.init.UncategorizedScriptException: Failed to execute database script from resource [file [C:\Users\samu\Documents\UNI\COMPUNET2\TALLER MVC\proyecto-del-curso-samu-karen-isa\build\resources\main\data.sql]]
	at org.springframework.jdbc.datasource.init.ScriptUtils.executeSqlScript(ScriptUtils.java:305) ~[spring-jdbc-6.2.3.jar:6.2.3]
	at org.springframework.jdbc.datasource.init.ResourceDatabasePopulator.populate(ResourceDatabasePopulator.java:254) ~[spring-jdbc-6.2.3.jar:6.2.3]
	at org.springframework.jdbc.datasource.init.DatabasePopulatorUtils.execute(DatabasePopulatorUtils.java:54) ~[spring-jdbc-6.2.3.jar:6.2.3]
	at org.springframework.boot.jdbc.init.DataSourceScriptDatabaseInitializer.runScripts(DataSourceScriptDatabaseInitializer.java:87) ~[spring-boot-3.4.3.jar:3.4.3]
	at org.springframework.boot.sql.init.AbstractScriptDatabaseInitializer.runScripts(AbstractScriptDatabaseInitializer.java:146) ~[spring-boot-3.4.3.jar:3.4.3]
	at org.springframework.boot.sql.init.AbstractScriptDatabaseInitializer.applyScripts(AbstractScriptDatabaseInitializer.java:108) ~[spring-boot-3.4.3.jar:3.4.3]
	at org.springframework.boot.sql.init.AbstractScriptDatabaseInitializer.applyDataScripts(AbstractScriptDatabaseInitializer.java:102) ~[spring-boot-3.4.3.jar:3.4.3]
	at org.springframework.boot.sql.init.AbstractScriptDatabaseInitializer.initializeDatabase(AbstractScriptDatabaseInitializer.java:77) ~[spring-boot-3.4.3.jar:3.4.3]
	at org.springframework.boot.sql.init.AbstractScriptDatabaseInitializer.afterPropertiesSet(AbstractScriptDatabaseInitializer.java:66) ~[spring-boot-3.4.3.jar:3.4.3]
	at org.springframework.beans.factory.support.AbstractAutowireCapableBeanFactory.invokeInitMethods(AbstractAutowireCapableBeanFactory.java:1859) ~[spring-beans-6.2.3.jar:6.2.3]
	at org.springframework.beans.factory.support.AbstractAutowireCapableBeanFactory.initializeBean(AbstractAutowireCapableBeanFactory.java:1808) ~[spring-beans-6.2.3.jar:6.2.3]
	... 20 common frames omitted
Caused by: java.lang.IllegalArgumentException: 'script' must not be null or empty
	at org.springframework.util.Assert.hasText(Assert.java:253) ~[spring-core-6.2.3.jar:6.2.3]
	at org.springframework.jdbc.datasource.init.ScriptUtils.splitSqlScript(ScriptUtils.java:475) ~[spring-jdbc-6.2.3.jar:6.2.3]
	at org.springframework.jdbc.datasource.init.ScriptUtils.executeSqlScript(ScriptUtils.java:252) ~[spring-jdbc-6.2.3.jar:6.2.3]
	... 30 common frames omitted

2025-04-17 17:25:21.169  INFO 10880 --- [demo1] [main] com.example.demo1.Demo1Application       : Starting Demo1Application using Java 17.0.12 with PID 10880 (C:\Users\samu\Documents\UNI\COMPUNET2\TALLER MVC\proyecto-del-curso-samu-karen-isa\build\classes\java\main started by samu in C:\Users\samu\Documents\UNI\COMPUNET2\TALLER MVC\proyecto-del-curso-samu-karen-isa)
2025-04-17 17:25:21.170 DEBUG 10880 --- [demo1] [main] com.example.demo1.Demo1Application       : Running with Spring Boot v3.4.3, Spring v6.2.3
2025-04-17 17:25:21.171  INFO 10880 --- [demo1] [main] com.example.demo1.Demo1Application       : No active profile set, falling back to 1 default profile: "default"
2025-04-17 17:25:22.709  WARN 10880 --- [demo1] [main] org.hibernate.orm.deprecation            : HHH90000025: H2Dialect does not need to be specified explicitly using 'hibernate.dialect' (remove the property setting and it will be selected by default)
2025-04-17 17:25:23.736  WARN 10880 --- [demo1] [main] JpaBaseConfiguration$JpaWebConfiguration : spring.jpa.open-in-view is enabled by default. Therefore, database queries may be performed during view rendering. Explicitly configure spring.jpa.open-in-view to disable this warning
2025-04-17 17:25:23.970  WARN 10880 --- [demo1] [main] .s.s.UserDetailsServiceAutoConfiguration : 

Using generated security password: 070a1fa1-ecda-4be4-8999-90bdebf1a272

This generated password is for development use only. Your security configuration must be updated before running your application in production.

2025-04-17 17:25:24.113  INFO 10880 --- [demo1] [main] com.example.demo1.Demo1Application       : Started Demo1Application in 3.309 seconds (process running for 3.542)
2025-04-17 17:25:24.192  WARN 10880 --- [demo1] [main] o.h.engine.jdbc.spi.SqlExceptionHelper   : SQL Error: 42104, SQLState: 42S04
2025-04-17 17:25:24.192 ERROR 10880 --- [demo1] [main] o.h.engine.jdbc.spi.SqlExceptionHelper   : Table "PRODUCT" not found (this database is empty); SQL statement:
select p1_0.id,p1_0.category_id,p1_0.description,p1_0.imageurl,p1_0.name,p1_0.price,p1_0.stock from product p1_0 [42104-232]
2025-04-17 17:25:24.209 ERROR 10880 --- [demo1] [main] o.s.boot.SpringApplication               : Application run failed

org.springframework.dao.InvalidDataAccessResourceUsageException: could not prepare statement [Table "PRODUCT" not found (this database is empty); SQL statement:
select p1_0.id,p1_0.category_id,p1_0.description,p1_0.imageurl,p1_0.name,p1_0.price,p1_0.stock from product p1_0 [42104-232]] [select p1_0.id,p1_0.category_id,p1_0.description,p1_0.imageurl,p1_0.name,p1_0.price,p1_0.stock from product p1_0]; SQL [select p1_0.id,p1_0.category_id,p1_0.description,p1_0.imageurl,p1_0.name,p1_0.price,p1_0.stock from product p1_0]
	at org.springframework.orm.jpa.vendor.HibernateJpaDialect.convertHibernateAccessException(HibernateJpaDialect.java:277) ~[spring-orm-6.2.3.jar:6.2.3]
	at org.springframework.orm.jpa.vendor.HibernateJpaDialect.translateExceptionIfPossible(HibernateJpaDialect.java:241) ~[spring-orm-6.2.3.jar:6.2.3]
	at org.springframework.orm.jpa.AbstractEntityManagerFactoryBean.translateExceptionIfPossible(AbstractEntityManagerFactoryBean.java:560) ~[spring-orm-6.2.3.jar:6.2.3]
	at org.springframework.dao.support.ChainedPersistenceExceptionTranslator.translateExceptionIfPossible(ChainedPersistenceExceptionTranslator.java:61) ~[spring-tx-6.2.3.jar:6.2.3]
	at org.springframework.dao.support.DataAccessUtils.translateIfNecessary(DataAccessUtils.java:343) ~[spring-tx-6.2.3.jar:6.2.3]
	at org.springframework.dao.support.PersistenceExceptionTranslationInterceptor.invoke(PersistenceExceptionTranslationInterceptor.java:160) ~[spring-tx-6.2.3.jar:6.2.3]
	at org.springframework.aop.framework.ReflectiveMethodInvocation.proceed(ReflectiveMethodInvocation.java:184) ~[spring-aop-6.2.3.jar:6.2.3]
	at org.springframework.data.jpa.repository.support.CrudMethodMetadataPostProcessor$CrudMethodMetadataPopulatingMethodInterceptor.invoke(CrudMethodMetadataPostProcessor.java:165) ~[spring-data-jpa-3.4.3.jar:3.4.3]
	at org.springframework.aop.framework.ReflectiveMethodInvocation.proceed(ReflectiveMethodInvocation.java:184) ~[spring-aop-6.2.3.jar:6.2.3]
	at org.springframework.aop.framework.JdkDynamicAopProxy.invoke(JdkDynamicAopProxy.java:223) ~[spring-aop-6.2.3.jar:6.2.3]
	at jdk.proxy2/jdk.proxy2.$Proxy121.findAll(Unknown Source) ~[na:na]
	at com.example.demo1.service.impl.ProductServiceImpl.findAll(ProductServiceImpl.java:22) ~[main/:na]
	at com.example.demo1.Demo1Application.runAfterStartup(Demo1Application.java:28) ~[main/:na]
	at java.base/jdk.internal.reflect.NativeMethodAccessorImpl.invoke0(Native Method) ~[na:na]
	at java.base/jdk.internal.reflect.NativeMethodAccessorImpl.invoke(NativeMethodAccessorImpl.java:77) ~[na:na]
	at java.base/jdk.internal.reflect.DelegatingMethodAccessorImpl.invoke(DelegatingMethodAccessorImpl.java:43) ~[na:na]
	at java.base/java.lang.reflect.Method.invoke(Method.java:568) ~[na:na]
	at org.springframework.context.event.ApplicationListenerMethodAdapter.doInvoke(ApplicationListenerMethodAdapter.java:382) ~[spring-context-6.2.3.jar:6.2.3]
	at org.springframework.context.event.ApplicationListenerMethodAdapter.processEvent(ApplicationListenerMethodAdapter.java:254) ~[spring-context-6.2.3.jar:6.2.3]
	at org.springframework.context.event.ApplicationListenerMethodAdapter.onApplicationEvent(ApplicationListenerMethodAdapter.java:173) ~[spring-context-6.2.3.jar:6.2.3]
	at org.springframework.context.event.SimpleApplicationEventMulticaster.doInvokeListener(SimpleApplicationEventMulticaster.java:185) ~[spring-context-6.2.3.jar:6.2.3]
	at org.springframework.context.event.SimpleApplicationEventMulticaster.invokeListener(SimpleApplicationEventMulticaster.java:178) ~[spring-context-6.2.3.jar:6.2.3]
	at org.springframework.context.event.SimpleApplicationEventMulticaster.multicastEvent(SimpleApplicationEventMulticaster.java:156) ~[spring-context-6.2.3.jar:6.2.3]
	at org.springframework.context.support.AbstractApplicationContext.publishEvent(AbstractApplicationContext.java:454) ~[spring-context-6.2.3.jar:6.2.3]
	at org.springframework.context.support.AbstractApplicationContext.publishEvent(AbstractApplicationContext.java:387) ~[spring-context-6.2.3.jar:6.2.3]
	at org.springframework.boot.context.event.EventPublishingRunListener.ready(EventPublishingRunListener.java:109) ~[spring-boot-3.4.3.jar:3.4.3]
	at org.springframework.boot.SpringApplicationRunListeners.lambda$ready$6(SpringApplicationRunListeners.java:80) ~[spring-boot-3.4.3.jar:3.4.3]
	at java.base/java.lang.Iterable.forEach(Iterable.java:75) ~[na:na]
	at org.springframework.boot.SpringApplicationRunListeners.doWithListeners(SpringApplicationRunListeners.java:118) ~[spring-boot-3.4.3.jar:3.4.3]
	at org.springframework.boot.SpringApplicationRunListeners.doWithListeners(SpringApplicationRunListeners.java:112) ~[spring-boot-3.4.3.jar:3.4.3]
	at org.springframework.boot.SpringApplicationRunListeners.ready(SpringApplicationRunListeners.java:80) ~[spring-boot-3.4.3.jar:3.4.3]
	at org.springframework.boot.SpringApplication.run(SpringApplication.java:332) ~[spring-boot-3.4.3.jar:3.4.3]
	at org.springframework.boot.SpringApplication.run(SpringApplication.java:1361) ~[spring-boot-3.4.3.jar:3.4.3]
	at org.springframework.boot.SpringApplication.run(SpringApplication.java:1350) ~[spring-boot-3.4.3.jar:3.4.3]
	at com.example.demo1.Demo1Application.main(Demo1Application.java:22) ~[main/:na]
Caused by: org.hibernate.exception.SQLGrammarException: could not prepare statement [Table "PRODUCT" not found (this database is empty); SQL statement:
select p1_0.id,p1_0.category_id,p1_0.description,p1_0.imageurl,p1_0.name,p1_0.price,p1_0.stock from product p1_0 [42104-232]] [select p1_0.id,p1_0.category_id,p1_0.description,p1_0.imageurl,p1_0.name,p1_0.price,p1_0.stock from product p1_0]
	at org.hibernate.exception.internal.SQLExceptionTypeDelegate.convert(SQLExceptionTypeDelegate.java:66) ~[hibernate-core-6.6.8.Final.jar:6.6.8.Final]
	at org.hibernate.exception.internal.StandardSQLExceptionConverter.convert(StandardSQLExceptionConverter.java:58) ~[hibernate-core-6.6.8.Final.jar:6.6.8.Final]
	at org.hibernate.engine.jdbc.spi.SqlExceptionHelper.convert(SqlExceptionHelper.java:108) ~[hibernate-core-6.6.8.Final.jar:6.6.8.Final]
	at org.hibernate.engine.jdbc.internal.StatementPreparerImpl$StatementPreparationTemplate.prepareStatement(StatementPreparerImpl.java:191) ~[hibernate-core-6.6.8.Final.jar:6.6.8.Final]
	at org.hibernate.engine.jdbc.internal.StatementPreparerImpl.prepareQueryStatement(StatementPreparerImpl.java:153) ~[hibernate-core-6.6.8.Final.jar:6.6.8.Final]
	at org.hibernate.sql.exec.internal.StandardStatementCreator.createStatement(StandardStatementCreator.java:49) ~[hibernate-core-6.6.8.Final.jar:6.6.8.Final]
	at org.hibernate.sql.results.jdbc.internal.DeferredResultSetAccess.executeQuery(DeferredResultSetAccess.java:235) ~[hibernate-core-6.6.8.Final.jar:6.6.8.Final]
	at org.hibernate.sql.results.jdbc.internal.DeferredResultSetAccess.getResultSet(DeferredResultSetAccess.java:171) ~[hibernate-core-6.6.8.Final.jar:6.6.8.Final]
	at org.hibernate.sql.results.jdbc.internal.JdbcValuesResultSetImpl.<init>(JdbcValuesResultSetImpl.java:74) ~[hibernate-core-6.6.8.Final.jar:6.6.8.Final]
	at org.hibernate.sql.exec.internal.JdbcSelectExecutorStandardImpl.resolveJdbcValuesSource(JdbcSelectExecutorStandardImpl.java:355) ~[hibernate-core-6.6.8.Final.jar:6.6.8.Final]
	at org.hibernate.sql.exec.internal.JdbcSelectExecutorStandardImpl.doExecuteQuery(JdbcSelectExecutorStandardImpl.java:137) ~[hibernate-core-6.6.8.Final.jar:6.6.8.Final]
	at org.hibernate.sql.exec.internal.JdbcSelectExecutorStandardImpl.executeQuery(JdbcSelectExecutorStandardImpl.java:102) ~[hibernate-core-6.6.8.Final.jar:6.6.8.Final]
	at org.hibernate.sql.exec.spi.JdbcSelectExecutor.executeQuery(JdbcSelectExecutor.java:91) ~[hibernate-core-6.6.8.Final.jar:6.6.8.Final]
	at org.hibernate.sql.exec.spi.JdbcSelectExecutor.list(JdbcSelectExecutor.java:165) ~[hibernate-core-6.6.8.Final.jar:6.6.8.Final]
	at org.hibernate.query.sqm.internal.ConcreteSqmSelectQueryPlan.lambda$new$1(ConcreteSqmSelectQueryPlan.java:152) ~[hibernate-core-6.6.8.Final.jar:6.6.8.Final]
	at org.hibernate.query.sqm.internal.ConcreteSqmSelectQueryPlan.withCacheableSqmInterpretation(ConcreteSqmSelectQueryPlan.java:442) ~[hibernate-core-6.6.8.Final.jar:6.6.8.Final]
	at org.hibernate.query.sqm.internal.ConcreteSqmSelectQueryPlan.performList(ConcreteSqmSelectQueryPlan.java:362) ~[hibernate-core-6.6.8.Final.jar:6.6.8.Final]
	at org.hibernate.query.sqm.internal.QuerySqmImpl.doList(QuerySqmImpl.java:380) ~[hibernate-core-6.6.8.Final.jar:6.6.8.Final]
	at org.hibernate.query.spi.AbstractSelectionQuery.list(AbstractSelectionQuery.java:143) ~[hibernate-core-6.6.8.Final.jar:6.6.8.Final]
	at org.hibernate.query.Query.getResultList(Query.java:120) ~[hibernate-core-6.6.8.Final.jar:6.6.8.Final]
	at org.springframework.data.jpa.repository.support.SimpleJpaRepository.findAll(SimpleJpaRepository.java:395) ~[spring-data-jpa-3.4.3.jar:3.4.3]
	at java.base/jdk.internal.reflect.NativeMethodAccessorImpl.invoke0(Native Method) ~[na:na]
	at java.base/jdk.internal.reflect.NativeMethodAccessorImpl.invoke(NativeMethodAccessorImpl.java:77) ~[na:na]
	at java.base/jdk.internal.reflect.DelegatingMethodAccessorImpl.invoke(DelegatingMethodAccessorImpl.java:43) ~[na:na]
	at java.base/java.lang.reflect.Method.invoke(Method.java:568) ~[na:na]
	at org.springframework.aop.support.AopUtils.invokeJoinpointUsingReflection(AopUtils.java:359) ~[spring-aop-6.2.3.jar:6.2.3]
	at org.springframework.data.repository.core.support.RepositoryMethodInvoker$RepositoryFragmentMethodInvoker.lambda$new$0(RepositoryMethodInvoker.java:277) ~[spring-data-commons-3.4.3.jar:3.4.3]
	at org.springframework.data.repository.core.support.RepositoryMethodInvoker.doInvoke(RepositoryMethodInvoker.java:170) ~[spring-data-commons-3.4.3.jar:3.4.3]
	at org.springframework.data.repository.core.support.RepositoryMethodInvoker.invoke(RepositoryMethodInvoker.java:158) ~[spring-data-commons-3.4.3.jar:3.4.3]
	at org.springframework.data.repository.core.support.RepositoryComposition$RepositoryFragments.invoke(RepositoryComposition.java:515) ~[spring-data-commons-3.4.3.jar:3.4.3]
	at org.springframework.data.repository.core.support.RepositoryComposition.invoke(RepositoryComposition.java:284) ~[spring-data-commons-3.4.3.jar:3.4.3]
	at org.springframework.data.repository.core.support.RepositoryFactorySupport$ImplementationMethodExecutionInterceptor.invoke(RepositoryFactorySupport.java:752) ~[spring-data-commons-3.4.3.jar:3.4.3]
	at org.springframework.aop.framework.ReflectiveMethodInvocation.proceed(ReflectiveMethodInvocation.java:184) ~[spring-aop-6.2.3.jar:6.2.3]
	at org.springframework.data.repository.core.support.QueryExecutorMethodInterceptor.doInvoke(QueryExecutorMethodInterceptor.java:174) ~[spring-data-commons-3.4.3.jar:3.4.3]
	at org.springframework.data.repository.core.support.QueryExecutorMethodInterceptor.invoke(QueryExecutorMethodInterceptor.java:149) ~[spring-data-commons-3.4.3.jar:3.4.3]
	at org.springframework.aop.framework.ReflectiveMethodInvocation.proceed(ReflectiveMethodInvocation.java:184) ~[spring-aop-6.2.3.jar:6.2.3]
	at org.springframework.data.projection.DefaultMethodInvokingMethodInterceptor.invoke(DefaultMethodInvokingMethodInterceptor.java:69) ~[spring-data-commons-3.4.3.jar:3.4.3]
	at org.springframework.aop.framework.ReflectiveMethodInvocation.proceed(ReflectiveMethodInvocation.java:184) ~[spring-aop-6.2.3.jar:6.2.3]
	at org.springframework.transaction.interceptor.TransactionAspectSupport.invokeWithinTransaction(TransactionAspectSupport.java:380) ~[spring-tx-6.2.3.jar:6.2.3]
	at org.springframework.transaction.interceptor.TransactionInterceptor.invoke(TransactionInterceptor.java:119) ~[spring-tx-6.2.3.jar:6.2.3]
	at org.springframework.aop.framework.ReflectiveMethodInvocation.proceed(ReflectiveMethodInvocation.java:184) ~[spring-aop-6.2.3.jar:6.2.3]
	at org.springframework.dao.support.PersistenceExceptionTranslationInterceptor.invoke(PersistenceExceptionTranslationInterceptor.java:138) ~[spring-tx-6.2.3.jar:6.2.3]
	... 29 common frames omitted
Caused by: org.h2.jdbc.JdbcSQLSyntaxErrorException: Table "PRODUCT" not found (this database is empty); SQL statement:
select p1_0.id,p1_0.category_id,p1_0.description,p1_0.imageurl,p1_0.name,p1_0.price,p1_0.stock from product p1_0 [42104-232]
	at org.h2.message.DbException.getJdbcSQLException(DbException.java:514) ~[h2-2.3.232.jar:2.3.232]
	at org.h2.message.DbException.getJdbcSQLException(DbException.java:489) ~[h2-2.3.232.jar:2.3.232]
	at org.h2.message.DbException.get(DbException.java:223) ~[h2-2.3.232.jar:2.3.232]
	at org.h2.message.DbException.get(DbException.java:199) ~[h2-2.3.232.jar:2.3.232]
	at org.h2.command.Parser.getTableOrViewNotFoundDbException(Parser.java:7932) ~[h2-2.3.232.jar:2.3.232]
	at org.h2.command.Parser.getTableOrViewNotFoundDbException(Parser.java:7916) ~[h2-2.3.232.jar:2.3.232]
	at org.h2.command.Parser.readTableOrView(Parser.java:7895) ~[h2-2.3.232.jar:2.3.232]
	at org.h2.command.Parser.readTablePrimary(Parser.java:1769) ~[h2-2.3.232.jar:2.3.232]
	at org.h2.command.Parser.readTableReference(Parser.java:2249) ~[h2-2.3.232.jar:2.3.232]
	at org.h2.command.Parser.parseSelectFromPart(Parser.java:2702) ~[h2-2.3.232.jar:2.3.232]
	at org.h2.command.Parser.parseSelect(Parser.java:2810) ~[h2-2.3.232.jar:2.3.232]
	at org.h2.command.Parser.parseQueryPrimary(Parser.java:2692) ~[h2-2.3.232.jar:2.3.232]
	at org.h2.command.Parser.parseQueryTerm(Parser.java:2547) ~[h2-2.3.232.jar:2.3.232]
	at org.h2.command.Parser.parseQueryExpressionBody(Parser.java:2526) ~[h2-2.3.232.jar:2.3.232]
	at org.h2.command.Parser.parseQueryExpressionBodyAndEndOfQuery(Parser.java:2519) ~[h2-2.3.232.jar:2.3.232]
	at org.h2.command.Parser.parseQueryExpression(Parser.java:2512) ~[h2-2.3.232.jar:2.3.232]
	at org.h2.command.Parser.parseQuery(Parser.java:2479) ~[h2-2.3.232.jar:2.3.232]
	at org.h2.command.Parser.parsePrepared(Parser.java:610) ~[h2-2.3.232.jar:2.3.232]
	at org.h2.command.Parser.parse(Parser.java:581) ~[h2-2.3.232.jar:2.3.232]
	at org.h2.command.Parser.parse(Parser.java:556) ~[h2-2.3.232.jar:2.3.232]
	at org.h2.command.Parser.prepareCommand(Parser.java:484) ~[h2-2.3.232.jar:2.3.232]
	at org.h2.engine.SessionLocal.prepareLocal(SessionLocal.java:645) ~[h2-2.3.232.jar:2.3.232]
	at org.h2.engine.SessionLocal.prepareCommand(SessionLocal.java:561) ~[h2-2.3.232.jar:2.3.232]
	at org.h2.jdbc.JdbcConnection.prepareCommand(JdbcConnection.java:1164) ~[h2-2.3.232.jar:2.3.232]
	at org.h2.jdbc.JdbcPreparedStatement.<init>(JdbcPreparedStatement.java:93) ~[h2-2.3.232.jar:2.3.232]
	at org.h2.jdbc.JdbcConnection.prepareStatement(JdbcConnection.java:687) ~[h2-2.3.232.jar:2.3.232]
	at com.zaxxer.hikari.pool.ProxyConnection.prepareStatement(ProxyConnection.java:342) ~[HikariCP-5.1.0.jar:na]
	at com.zaxxer.hikari.pool.HikariProxyConnection.prepareStatement(HikariProxyConnection.java) ~[HikariCP-5.1.0.jar:na]
	at org.hibernate.engine.jdbc.internal.StatementPreparerImpl$4.doPrepare(StatementPreparerImpl.java:151) ~[hibernate-core-6.6.8.Final.jar:6.6.8.Final]
	at org.hibernate.engine.jdbc.internal.StatementPreparerImpl$StatementPreparationTemplate.prepareStatement(StatementPreparerImpl.java:180) ~[hibernate-core-6.6.8.Final.jar:6.6.8.Final]
	... 67 common frames omitted

2025-04-17 17:26:29.953  INFO 17264 --- [demo1] [main] com.example.demo1.Demo1Application       : Starting Demo1Application using Java 17.0.12 with PID 17264 (C:\Users\samu\Documents\UNI\COMPUNET2\TALLER MVC\proyecto-del-curso-samu-karen-isa\build\classes\java\main started by samu in C:\Users\samu\Documents\UNI\COMPUNET2\TALLER MVC\proyecto-del-curso-samu-karen-isa)
2025-04-17 17:26:29.955 DEBUG 17264 --- [demo1] [main] com.example.demo1.Demo1Application       : Running with Spring Boot v3.4.3, Spring v6.2.3
2025-04-17 17:26:29.956  INFO 17264 --- [demo1] [main] com.example.demo1.Demo1Application       : No active profile set, falling back to 1 default profile: "default"
2025-04-17 17:26:31.471  WARN 17264 --- [demo1] [main] org.hibernate.orm.deprecation            : HHH90000025: H2Dialect does not need to be specified explicitly using 'hibernate.dialect' (remove the property setting and it will be selected by default)
2025-04-17 17:26:32.444  WARN 17264 --- [demo1] [main] JpaBaseConfiguration$JpaWebConfiguration : spring.jpa.open-in-view is enabled by default. Therefore, database queries may be performed during view rendering. Explicitly configure spring.jpa.open-in-view to disable this warning
2025-04-17 17:26:32.683  WARN 17264 --- [demo1] [main] .s.s.UserDetailsServiceAutoConfiguration : 

Using generated security password: bef935e5-5d3f-49d3-b7d0-61b62d5f04f5

This generated password is for development use only. Your security configuration must be updated before running your application in production.

2025-04-17 17:26:32.825  INFO 17264 --- [demo1] [main] com.example.demo1.Demo1Application       : Started Demo1Application in 3.198 seconds (process running for 3.439)
2025-04-17 17:27:02.185  INFO 17264 --- [demo1] [http-nio-9090-exec-1] o.s.web.servlet.DispatcherServlet        : Initializing Servlet 'dispatcherServlet'
2025-04-17 17:27:02.186  INFO 17264 --- [demo1] [http-nio-9090-exec-1] o.s.web.servlet.DispatcherServlet        : Completed initialization in 1 ms
2025-04-17 17:40:45.224  INFO 15880 --- [demo1] [main] com.example.demo1.Demo1Application       : Starting Demo1Application using Java 17.0.12 with PID 15880 (C:\Users\samu\Documents\UNI\COMPUNET2\TALLER MVC\proyecto-del-curso-samu-karen-isa\build\classes\java\main started by samu in C:\Users\samu\Documents\UNI\COMPUNET2\TALLER MVC\proyecto-del-curso-samu-karen-isa)
2025-04-17 17:40:45.227 DEBUG 15880 --- [demo1] [main] com.example.demo1.Demo1Application       : Running with Spring Boot v3.4.3, Spring v6.2.3
2025-04-17 17:40:45.227  INFO 15880 --- [demo1] [main] com.example.demo1.Demo1Application       : No active profile set, falling back to 1 default profile: "default"
2025-04-17 17:40:46.835  WARN 15880 --- [demo1] [main] org.hibernate.orm.deprecation            : HHH90000025: H2Dialect does not need to be specified explicitly using 'hibernate.dialect' (remove the property setting and it will be selected by default)
2025-04-17 17:40:47.814  WARN 15880 --- [demo1] [main] JpaBaseConfiguration$JpaWebConfiguration : spring.jpa.open-in-view is enabled by default. Therefore, database queries may be performed during view rendering. Explicitly configure spring.jpa.open-in-view to disable this warning
2025-04-17 17:40:48.054  WARN 15880 --- [demo1] [main] .s.s.UserDetailsServiceAutoConfiguration : 

Using generated security password: 61d26b5f-8de3-4de0-9c95-38d18ebb1b15

This generated password is for development use only. Your security configuration must be updated before running your application in production.

2025-04-17 17:40:48.191  INFO 15880 --- [demo1] [main] com.example.demo1.Demo1Application       : Started Demo1Application in 3.349 seconds (process running for 3.584)
2025-04-17 17:40:59.149  INFO 15880 --- [demo1] [http-nio-9090-exec-1] o.s.web.servlet.DispatcherServlet        : Initializing Servlet 'dispatcherServlet'
2025-04-17 17:40:59.150  INFO 15880 --- [demo1] [http-nio-9090-exec-1] o.s.web.servlet.DispatcherServlet        : Completed initialization in 0 ms
2025-04-17 18:45:43.156  INFO 21412 --- [demo1] [main] com.example.demo1.Demo1Application       : Starting Demo1Application using Java 17.0.12 with PID 21412 (C:\Users\samu\Documents\UNI\COMPUNET2\TALLER MVC\proyecto-del-curso-samu-karen-isa\build\classes\java\main started by samu in C:\Users\samu\Documents\UNI\COMPUNET2\TALLER MVC\proyecto-del-curso-samu-karen-isa)
2025-04-17 18:45:43.158 DEBUG 21412 --- [demo1] [main] com.example.demo1.Demo1Application       : Running with Spring Boot v3.4.3, Spring v6.2.3
2025-04-17 18:45:43.158  INFO 21412 --- [demo1] [main] com.example.demo1.Demo1Application       : No active profile set, falling back to 1 default profile: "default"
2025-04-17 18:45:46.125  WARN 21412 --- [demo1] [main] JpaBaseConfiguration$JpaWebConfiguration : spring.jpa.open-in-view is enabled by default. Therefore, database queries may be performed during view rendering. Explicitly configure spring.jpa.open-in-view to disable this warning
2025-04-17 18:45:46.350  WARN 21412 --- [demo1] [main] ConfigServletWebServerApplicationContext : Exception encountered during context initialization - cancelling refresh attempt: org.springframework.beans.factory.BeanCreationException: Error creating bean with name 'dataSourceScriptDatabaseInitializer' defined in class path resource [org/springframework/boot/autoconfigure/sql/init/DataSourceInitializationConfiguration.class]: No schema scripts found at location 'classpath:schema.sql'
2025-04-17 18:45:46.375 ERROR 21412 --- [demo1] [main] o.s.boot.SpringApplication               : Application run failed

org.springframework.beans.factory.BeanCreationException: Error creating bean with name 'dataSourceScriptDatabaseInitializer' defined in class path resource [org/springframework/boot/autoconfigure/sql/init/DataSourceInitializationConfiguration.class]: No schema scripts found at location 'classpath:schema.sql'
	at org.springframework.beans.factory.support.AbstractAutowireCapableBeanFactory.initializeBean(AbstractAutowireCapableBeanFactory.java:1812) ~[spring-beans-6.2.3.jar:6.2.3]
	at org.springframework.beans.factory.support.AbstractAutowireCapableBeanFactory.doCreateBean(AbstractAutowireCapableBeanFactory.java:601) ~[spring-beans-6.2.3.jar:6.2.3]
	at org.springframework.beans.factory.support.AbstractAutowireCapableBeanFactory.createBean(AbstractAutowireCapableBeanFactory.java:523) ~[spring-beans-6.2.3.jar:6.2.3]
	at org.springframework.beans.factory.support.AbstractBeanFactory.lambda$doGetBean$0(AbstractBeanFactory.java:339) ~[spring-beans-6.2.3.jar:6.2.3]
	at org.springframework.beans.factory.support.DefaultSingletonBeanRegistry.getSingleton(DefaultSingletonBeanRegistry.java:346) ~[spring-beans-6.2.3.jar:6.2.3]
	at org.springframework.beans.factory.support.AbstractBeanFactory.doGetBean(AbstractBeanFactory.java:337) ~[spring-beans-6.2.3.jar:6.2.3]
	at org.springframework.beans.factory.support.AbstractBeanFactory.getBean(AbstractBeanFactory.java:202) ~[spring-beans-6.2.3.jar:6.2.3]
	at org.springframework.beans.factory.support.AbstractBeanFactory.doGetBean(AbstractBeanFactory.java:315) ~[spring-beans-6.2.3.jar:6.2.3]
	at org.springframework.beans.factory.support.AbstractBeanFactory.getBean(AbstractBeanFactory.java:202) ~[spring-beans-6.2.3.jar:6.2.3]
	at org.springframework.beans.factory.support.DefaultListableBeanFactory.instantiateSingleton(DefaultListableBeanFactory.java:1155) ~[spring-beans-6.2.3.jar:6.2.3]
	at org.springframework.beans.factory.support.DefaultListableBeanFactory.preInstantiateSingleton(DefaultListableBeanFactory.java:1121) ~[spring-beans-6.2.3.jar:6.2.3]
	at org.springframework.beans.factory.support.DefaultListableBeanFactory.preInstantiateSingletons(DefaultListableBeanFactory.java:1056) ~[spring-beans-6.2.3.jar:6.2.3]
	at org.springframework.context.support.AbstractApplicationContext.finishBeanFactoryInitialization(AbstractApplicationContext.java:987) ~[spring-context-6.2.3.jar:6.2.3]
	at org.springframework.context.support.AbstractApplicationContext.refresh(AbstractApplicationContext.java:627) ~[spring-context-6.2.3.jar:6.2.3]
	at org.springframework.boot.web.servlet.context.ServletWebServerApplicationContext.refresh(ServletWebServerApplicationContext.java:146) ~[spring-boot-3.4.3.jar:3.4.3]
	at org.springframework.boot.SpringApplication.refresh(SpringApplication.java:752) ~[spring-boot-3.4.3.jar:3.4.3]
	at org.springframework.boot.SpringApplication.refreshContext(SpringApplication.java:439) ~[spring-boot-3.4.3.jar:3.4.3]
	at org.springframework.boot.SpringApplication.run(SpringApplication.java:318) ~[spring-boot-3.4.3.jar:3.4.3]
	at org.springframework.boot.SpringApplication.run(SpringApplication.java:1361) ~[spring-boot-3.4.3.jar:3.4.3]
	at org.springframework.boot.SpringApplication.run(SpringApplication.java:1350) ~[spring-boot-3.4.3.jar:3.4.3]
	at com.example.demo1.Demo1Application.main(Demo1Application.java:22) ~[main/:na]
Caused by: java.lang.IllegalStateException: No schema scripts found at location 'classpath:schema.sql'
	at org.springframework.boot.sql.init.AbstractScriptDatabaseInitializer.getScripts(AbstractScriptDatabaseInitializer.java:129) ~[spring-boot-3.4.3.jar:3.4.3]
	at org.springframework.boot.sql.init.AbstractScriptDatabaseInitializer.applyScripts(AbstractScriptDatabaseInitializer.java:106) ~[spring-boot-3.4.3.jar:3.4.3]
	at org.springframework.boot.sql.init.AbstractScriptDatabaseInitializer.applySchemaScripts(AbstractScriptDatabaseInitializer.java:98) ~[spring-boot-3.4.3.jar:3.4.3]
	at org.springframework.boot.sql.init.AbstractScriptDatabaseInitializer.initializeDatabase(AbstractScriptDatabaseInitializer.java:76) ~[spring-boot-3.4.3.jar:3.4.3]
	at org.springframework.boot.sql.init.AbstractScriptDatabaseInitializer.afterPropertiesSet(AbstractScriptDatabaseInitializer.java:66) ~[spring-boot-3.4.3.jar:3.4.3]
	at org.springframework.beans.factory.support.AbstractAutowireCapableBeanFactory.invokeInitMethods(AbstractAutowireCapableBeanFactory.java:1859) ~[spring-beans-6.2.3.jar:6.2.3]
	at org.springframework.beans.factory.support.AbstractAutowireCapableBeanFactory.initializeBean(AbstractAutowireCapableBeanFactory.java:1808) ~[spring-beans-6.2.3.jar:6.2.3]
	... 20 common frames omitted

2025-04-17 18:46:29.631  INFO 27532 --- [demo1] [main] com.example.demo1.Demo1Application       : Starting Demo1Application using Java 17.0.12 with PID 27532 (C:\Users\samu\Documents\UNI\COMPUNET2\TALLER MVC\proyecto-del-curso-samu-karen-isa\build\classes\java\main started by samu in C:\Users\samu\Documents\UNI\COMPUNET2\TALLER MVC\proyecto-del-curso-samu-karen-isa)
2025-04-17 18:46:29.632 DEBUG 27532 --- [demo1] [main] com.example.demo1.Demo1Application       : Running with Spring Boot v3.4.3, Spring v6.2.3
2025-04-17 18:46:29.633  INFO 27532 --- [demo1] [main] com.example.demo1.Demo1Application       : No active profile set, falling back to 1 default profile: "default"
2025-04-17 18:46:32.177  WARN 27532 --- [demo1] [main] JpaBaseConfiguration$JpaWebConfiguration : spring.jpa.open-in-view is enabled by default. Therefore, database queries may be performed during view rendering. Explicitly configure spring.jpa.open-in-view to disable this warning
2025-04-17 18:46:32.428  WARN 27532 --- [demo1] [main] ConfigServletWebServerApplicationContext : Exception encountered during context initialization - cancelling refresh attempt: org.springframework.beans.factory.BeanCreationException: Error creating bean with name 'dataSourceScriptDatabaseInitializer' defined in class path resource [org/springframework/boot/autoconfigure/sql/init/DataSourceInitializationConfiguration.class]: Failed to execute database script from resource [class path resource [schema.sql]]
2025-04-17 18:46:32.453 ERROR 27532 --- [demo1] [main] o.s.boot.SpringApplication               : Application run failed

org.springframework.beans.factory.BeanCreationException: Error creating bean with name 'dataSourceScriptDatabaseInitializer' defined in class path resource [org/springframework/boot/autoconfigure/sql/init/DataSourceInitializationConfiguration.class]: Failed to execute database script from resource [class path resource [schema.sql]]
	at org.springframework.beans.factory.support.AbstractAutowireCapableBeanFactory.initializeBean(AbstractAutowireCapableBeanFactory.java:1812) ~[spring-beans-6.2.3.jar:6.2.3]
	at org.springframework.beans.factory.support.AbstractAutowireCapableBeanFactory.doCreateBean(AbstractAutowireCapableBeanFactory.java:601) ~[spring-beans-6.2.3.jar:6.2.3]
	at org.springframework.beans.factory.support.AbstractAutowireCapableBeanFactory.createBean(AbstractAutowireCapableBeanFactory.java:523) ~[spring-beans-6.2.3.jar:6.2.3]
	at org.springframework.beans.factory.support.AbstractBeanFactory.lambda$doGetBean$0(AbstractBeanFactory.java:339) ~[spring-beans-6.2.3.jar:6.2.3]
	at org.springframework.beans.factory.support.DefaultSingletonBeanRegistry.getSingleton(DefaultSingletonBeanRegistry.java:346) ~[spring-beans-6.2.3.jar:6.2.3]
	at org.springframework.beans.factory.support.AbstractBeanFactory.doGetBean(AbstractBeanFactory.java:337) ~[spring-beans-6.2.3.jar:6.2.3]
	at org.springframework.beans.factory.support.AbstractBeanFactory.getBean(AbstractBeanFactory.java:202) ~[spring-beans-6.2.3.jar:6.2.3]
	at org.springframework.beans.factory.support.AbstractBeanFactory.doGetBean(AbstractBeanFactory.java:315) ~[spring-beans-6.2.3.jar:6.2.3]
	at org.springframework.beans.factory.support.AbstractBeanFactory.getBean(AbstractBeanFactory.java:202) ~[spring-beans-6.2.3.jar:6.2.3]
	at org.springframework.beans.factory.support.DefaultListableBeanFactory.instantiateSingleton(DefaultListableBeanFactory.java:1155) ~[spring-beans-6.2.3.jar:6.2.3]
	at org.springframework.beans.factory.support.DefaultListableBeanFactory.preInstantiateSingleton(DefaultListableBeanFactory.java:1121) ~[spring-beans-6.2.3.jar:6.2.3]
	at org.springframework.beans.factory.support.DefaultListableBeanFactory.preInstantiateSingletons(DefaultListableBeanFactory.java:1056) ~[spring-beans-6.2.3.jar:6.2.3]
	at org.springframework.context.support.AbstractApplicationContext.finishBeanFactoryInitialization(AbstractApplicationContext.java:987) ~[spring-context-6.2.3.jar:6.2.3]
	at org.springframework.context.support.AbstractApplicationContext.refresh(AbstractApplicationContext.java:627) ~[spring-context-6.2.3.jar:6.2.3]
	at org.springframework.boot.web.servlet.context.ServletWebServerApplicationContext.refresh(ServletWebServerApplicationContext.java:146) ~[spring-boot-3.4.3.jar:3.4.3]
	at org.springframework.boot.SpringApplication.refresh(SpringApplication.java:752) ~[spring-boot-3.4.3.jar:3.4.3]
	at org.springframework.boot.SpringApplication.refreshContext(SpringApplication.java:439) ~[spring-boot-3.4.3.jar:3.4.3]
	at org.springframework.boot.SpringApplication.run(SpringApplication.java:318) ~[spring-boot-3.4.3.jar:3.4.3]
	at org.springframework.boot.SpringApplication.run(SpringApplication.java:1361) ~[spring-boot-3.4.3.jar:3.4.3]
	at org.springframework.boot.SpringApplication.run(SpringApplication.java:1350) ~[spring-boot-3.4.3.jar:3.4.3]
	at com.example.demo1.Demo1Application.main(Demo1Application.java:22) ~[main/:na]
Caused by: org.springframework.jdbc.datasource.init.UncategorizedScriptException: Failed to execute database script from resource [class path resource [schema.sql]]
	at org.springframework.jdbc.datasource.init.ScriptUtils.executeSqlScript(ScriptUtils.java:305) ~[spring-jdbc-6.2.3.jar:6.2.3]
	at org.springframework.jdbc.datasource.init.ResourceDatabasePopulator.populate(ResourceDatabasePopulator.java:254) ~[spring-jdbc-6.2.3.jar:6.2.3]
	at org.springframework.jdbc.datasource.init.DatabasePopulatorUtils.execute(DatabasePopulatorUtils.java:54) ~[spring-jdbc-6.2.3.jar:6.2.3]
	at org.springframework.boot.jdbc.init.DataSourceScriptDatabaseInitializer.runScripts(DataSourceScriptDatabaseInitializer.java:87) ~[spring-boot-3.4.3.jar:3.4.3]
	at org.springframework.boot.sql.init.AbstractScriptDatabaseInitializer.runScripts(AbstractScriptDatabaseInitializer.java:146) ~[spring-boot-3.4.3.jar:3.4.3]
	at org.springframework.boot.sql.init.AbstractScriptDatabaseInitializer.applyScripts(AbstractScriptDatabaseInitializer.java:108) ~[spring-boot-3.4.3.jar:3.4.3]
	at org.springframework.boot.sql.init.AbstractScriptDatabaseInitializer.applySchemaScripts(AbstractScriptDatabaseInitializer.java:98) ~[spring-boot-3.4.3.jar:3.4.3]
	at org.springframework.boot.sql.init.AbstractScriptDatabaseInitializer.initializeDatabase(AbstractScriptDatabaseInitializer.java:76) ~[spring-boot-3.4.3.jar:3.4.3]
	at org.springframework.boot.sql.init.AbstractScriptDatabaseInitializer.afterPropertiesSet(AbstractScriptDatabaseInitializer.java:66) ~[spring-boot-3.4.3.jar:3.4.3]
	at org.springframework.beans.factory.support.AbstractAutowireCapableBeanFactory.invokeInitMethods(AbstractAutowireCapableBeanFactory.java:1859) ~[spring-beans-6.2.3.jar:6.2.3]
	at org.springframework.beans.factory.support.AbstractAutowireCapableBeanFactory.initializeBean(AbstractAutowireCapableBeanFactory.java:1808) ~[spring-beans-6.2.3.jar:6.2.3]
	... 20 common frames omitted
Caused by: java.lang.IllegalArgumentException: 'script' must not be null or empty
	at org.springframework.util.Assert.hasText(Assert.java:253) ~[spring-core-6.2.3.jar:6.2.3]
	at org.springframework.jdbc.datasource.init.ScriptUtils.splitSqlScript(ScriptUtils.java:475) ~[spring-jdbc-6.2.3.jar:6.2.3]
	at org.springframework.jdbc.datasource.init.ScriptUtils.executeSqlScript(ScriptUtils.java:252) ~[spring-jdbc-6.2.3.jar:6.2.3]
	... 30 common frames omitted

2025-04-17 18:49:08.798  INFO 24264 --- [demo1] [main] com.example.demo1.Demo1Application       : Starting Demo1Application using Java 17.0.12 with PID 24264 (C:\Users\samu\Documents\UNI\COMPUNET2\TALLER MVC\proyecto-del-curso-samu-karen-isa\build\classes\java\main started by samu in C:\Users\samu\Documents\UNI\COMPUNET2\TALLER MVC\proyecto-del-curso-samu-karen-isa)
2025-04-17 18:49:08.799 DEBUG 24264 --- [demo1] [main] com.example.demo1.Demo1Application       : Running with Spring Boot v3.4.3, Spring v6.2.3
2025-04-17 18:49:08.800  INFO 24264 --- [demo1] [main] com.example.demo1.Demo1Application       : No active profile set, falling back to 1 default profile: "default"
2025-04-17 18:49:11.392  WARN 24264 --- [demo1] [main] JpaBaseConfiguration$JpaWebConfiguration : spring.jpa.open-in-view is enabled by default. Therefore, database queries may be performed during view rendering. Explicitly configure spring.jpa.open-in-view to disable this warning
2025-04-17 18:49:11.617  WARN 24264 --- [demo1] [main] .s.s.UserDetailsServiceAutoConfiguration : 

Using generated security password: 337c1def-89f0-4cff-8807-22ee8ca0cf53

This generated password is for development use only. Your security configuration must be updated before running your application in production.

2025-04-17 18:49:11.752  INFO 24264 --- [demo1] [main] com.example.demo1.Demo1Application       : Started Demo1Application in 3.31 seconds (process running for 3.55)
2025-04-17 18:49:50.366  INFO 24264 --- [demo1] [http-nio-9090-exec-2] o.s.web.servlet.DispatcherServlet        : Initializing Servlet 'dispatcherServlet'
2025-04-17 18:49:50.366  INFO 24264 --- [demo1] [http-nio-9090-exec-2] o.s.web.servlet.DispatcherServlet        : Completed initialization in 0 ms
2025-04-17 18:52:38.276  INFO 15424 --- [demo1] [main] com.example.demo1.Demo1Application       : Starting Demo1Application using Java 17.0.12 with PID 15424 (C:\Users\samu\Documents\UNI\COMPUNET2\TALLER MVC\proyecto-del-curso-samu-karen-isa\build\classes\java\main started by samu in C:\Users\samu\Documents\UNI\COMPUNET2\TALLER MVC\proyecto-del-curso-samu-karen-isa)
2025-04-17 18:52:38.278 DEBUG 15424 --- [demo1] [main] com.example.demo1.Demo1Application       : Running with Spring Boot v3.4.3, Spring v6.2.3
2025-04-17 18:52:38.278  INFO 15424 --- [demo1] [main] com.example.demo1.Demo1Application       : No active profile set, falling back to 1 default profile: "default"
2025-04-17 18:52:40.565  WARN 15424 --- [demo1] [main] org.hibernate.orm.deprecation            : HHH90000021: Encountered deprecated setting [jakarta.persistence.schema-generation.create-source], use [javax.persistence.schema-generation.create-source] instead
2025-04-17 18:52:40.870  WARN 15424 --- [demo1] [main] JpaBaseConfiguration$JpaWebConfiguration : spring.jpa.open-in-view is enabled by default. Therefore, database queries may be performed during view rendering. Explicitly configure spring.jpa.open-in-view to disable this warning
2025-04-17 18:52:41.093  WARN 15424 --- [demo1] [main] .s.s.UserDetailsServiceAutoConfiguration : 

Using generated security password: 298b9eb9-a78b-4607-b0c9-27ef825cedc4

This generated password is for development use only. Your security configuration must be updated before running your application in production.

2025-04-17 18:52:41.239  INFO 15424 --- [demo1] [main] com.example.demo1.Demo1Application       : Started Demo1Application in 3.314 seconds (process running for 3.566)
2025-04-17 18:52:57.092  INFO 15424 --- [demo1] [http-nio-9090-exec-3] o.s.web.servlet.DispatcherServlet        : Initializing Servlet 'dispatcherServlet'
2025-04-17 18:52:57.095  INFO 15424 --- [demo1] [http-nio-9090-exec-3] o.s.web.servlet.DispatcherServlet        : Completed initialization in 1 ms
2025-04-17 18:56:20.605  INFO 27020 --- [demo1] [main] com.example.demo1.Demo1Application       : Starting Demo1Application using Java 17.0.12 with PID 27020 (C:\Users\samu\Documents\UNI\COMPUNET2\TALLER MVC\proyecto-del-curso-samu-karen-isa\build\classes\java\main started by samu in C:\Users\samu\Documents\UNI\COMPUNET2\TALLER MVC\proyecto-del-curso-samu-karen-isa)
2025-04-17 18:56:20.606 DEBUG 27020 --- [demo1] [main] com.example.demo1.Demo1Application       : Running with Spring Boot v3.4.3, Spring v6.2.3
2025-04-17 18:56:20.607  INFO 27020 --- [demo1] [main] com.example.demo1.Demo1Application       : No active profile set, falling back to 1 default profile: "default"
2025-04-17 18:56:22.946  WARN 27020 --- [demo1] [main] org.hibernate.orm.deprecation            : HHH90000021: Encountered deprecated setting [jakarta.persistence.schema-generation.create-source], use [javax.persistence.schema-generation.create-source] instead
2025-04-17 18:56:23.268  WARN 27020 --- [demo1] [main] JpaBaseConfiguration$JpaWebConfiguration : spring.jpa.open-in-view is enabled by default. Therefore, database queries may be performed during view rendering. Explicitly configure spring.jpa.open-in-view to disable this warning
2025-04-17 18:56:23.512  INFO 27020 --- [demo1] [main] com.example.demo1.Demo1Application       : Started Demo1Application in 3.25 seconds (process running for 3.49)
